
  .   ____          _            __ _ _
 /\\ / ___'_ __ _ _(_)_ __  __ _ \ \ \ \
( ( )\___ | '_ | '_| | '_ \/ _` | \ \ \ \
 \\/  ___)| |_)| | | | | || (_| |  ) ) ) )
  '  |____| .__|_| |_|_| |_\__, | / / / /
 =========|_|==============|___/=/_/_/_/
 :: Spring Boot ::                (v2.6.3)

13-03-2023 20:03:41.711 [main] INFO  u.a.ox.cs.vada.vadaengine.VadaEngine.logStarting - Starting VadaEngine v1.14.0 using Java 19.0.1 on Lafite-Pro-III-14 with PID 160822 (/home/marcofavorito/workfolder/datalog-benchmarking/third_party/vadalog-engine-bankitalia/target/VadaEngine-1.14.0.jar started by marcofavorito in /home/marcofavorito/workfolder/datalog-benchmarking/third_party/vadalog-engine-bankitalia)
13-03-2023 20:03:41.717 [main] INFO  u.a.ox.cs.vada.vadaengine.VadaEngine.logStartupProfileInfo - No active profile set, falling back to default profiles: default
13-03-2023 20:03:45.128 [main] INFO  o.n.driver.internal.DriverFactory.info - Direct driver instance 1357686726 created for server address localhost:7687
13-03-2023 20:03:45.232 [main] INFO  u.a.ox.cs.vada.vadaengine.VadaEngine.logStarted - Started VadaEngine in 4.197 seconds (JVM running for 5.001)
13-03-2023 20:03:45.718 [http-nio-8080-exec-4] INFO  u.a.o.c.v.v.c.VadaEngineController.evaluateProgramFromRepo - BEGIN evaluating program from repo
13-03-2023 20:03:45.735 [http-nio-8080-exec-4] INFO  u.a.o.c.v.v.q.e.e.EqualityStructureFactory.getInstance - Created EqualityGraphFactory and EqualityGraph.
13-03-2023 20:03:45.736 [http-nio-8080-exec-4] INFO  u.a.o.c.v.v.q.e.e.EqualityStructureFactory.getEqualityGraph - Setting EqualityGraph.
13-03-2023 20:03:45.737 [http-nio-8080-exec-4] INFO  u.a.o.c.v.v.c.VadaEngineController.prepareProgramFromFileWithParams - BEGIN parsing the program
13-03-2023 20:03:45.738 [http-nio-8080-exec-4] INFO  u.a.o.c.v.v.c.VadaEngineController.recResolveIncludes - Analysing program for module inclusions...
13-03-2023 20:03:45.862 [http-nio-8080-exec-4] INFO  u.a.o.c.v.v.c.VadaEngineController.prepareProgramFromFileWithParams - END parsing the program
13-03-2023 20:03:45.863 [http-nio-8080-exec-4] INFO  u.a.o.c.v.v.q.e.e.EqualityStructureFactory.getEqualityGraph - Setting EqualityGraph.
13-03-2023 20:03:45.865 [http-nio-8080-exec-4] INFO  u.a.o.c.v.v.o.ProgramEvaluationOptimizer.optimizeProgramEvaluation - BEGIN optimizing the evaluation of the program
13-03-2023 20:03:45.865 [http-nio-8080-exec-4] INFO  u.a.o.c.v.v.o.ProgramEvaluationOptimizer.optimizeProgramEvaluation - Fragment detection
13-03-2023 20:03:45.875 [http-nio-8080-exec-4] INFO  u.a.o.c.v.v.o.ProgramEvaluationOptimizer.optimizeProgramEvaluation - Multi-head rewriting
13-03-2023 20:03:45.877 [http-nio-8080-exec-4] INFO  u.a.o.c.v.v.o.ProgramEvaluationOptimizer.optimizeProgramEvaluation - Non-monotonic aggregate rewriting
13-03-2023 20:03:45.896 [http-nio-8080-exec-4] INFO  u.a.o.c.v.v.n.ModelNearlyLinearDecorator.isNearlyLinear - BEGIN checking program for nearly-linearity
13-03-2023 20:03:45.900 [http-nio-8080-exec-4] INFO  u.a.o.c.v.v.n.ModelNearlyLinearDecorator.isNearlyLinear - Rule q(X0) :- person(X0), hasAncestor(X0,X1), hasAncestor(X1,X2). is not linear and contains the following harmful variables: [X1, X2]
13-03-2023 20:03:45.901 [http-nio-8080-exec-4] INFO  u.a.o.c.v.v.n.ModelNearlyLinearDecorator.isNearlyLinear - Nearly linearity test failed.
13-03-2023 20:03:45.901 [http-nio-8080-exec-4] INFO  u.a.o.c.v.v.n.ModelNearlyLinearDecorator.isNearlyLinear - END checking program for nearly-linearity.
13-03-2023 20:03:45.904 [http-nio-8080-exec-4] INFO  u.a.o.c.v.v.o.ProgramEvaluationOptimizer.optimizeProgramEvaluation - The program is not nearly-linear but warded
13-03-2023 20:03:45.905 [http-nio-8080-exec-4] INFO  u.a.o.c.v.v.o.ProgramEvaluationOptimizer.optimizeProgramEvaluation - Let's linearize the heads
13-03-2023 20:03:45.905 [http-nio-8080-exec-4] INFO  u.a.o.c.v.v.o.ProgramEvaluationOptimizer.optimizeProgramEvaluation - Let's choose the Termination Strategy
13-03-2023 20:03:45.905 [http-nio-8080-exec-4] INFO  u.a.o.c.v.v.n.ModelNearlyLinearDecorator.isNearlyLinear - BEGIN checking program for nearly-linearity
13-03-2023 20:03:45.906 [http-nio-8080-exec-4] INFO  u.a.o.c.v.v.n.ModelNearlyLinearDecorator.isNearlyLinear - Rule q(X0) :- person(X0), hasAncestor(X0,X1), hasAncestor(X1,X2). is not linear and contains the following harmful variables: [X1, X2]
13-03-2023 20:03:45.906 [http-nio-8080-exec-4] INFO  u.a.o.c.v.v.n.ModelNearlyLinearDecorator.isNearlyLinear - Nearly linearity test failed.
13-03-2023 20:03:45.906 [http-nio-8080-exec-4] INFO  u.a.o.c.v.v.n.ModelNearlyLinearDecorator.isNearlyLinear - END checking program for nearly-linearity.
13-03-2023 20:03:45.914 [http-nio-8080-exec-4] INFO  u.a.o.c.v.v.o.ProgramEvaluationOptimizer.optimizeProgramEvaluation - The program is protected
13-03-2023 20:03:45.915 [http-nio-8080-exec-4] INFO  u.a.o.c.v.v.o.ProgramEvaluationOptimizer.optimizeProgramEvaluation - Choosing termination strategy
13-03-2023 20:03:45.916 [http-nio-8080-exec-4] INFO  u.a.o.c.v.v.o.ProgramEvaluationOptimizer.optimizeProgramEvaluation - There are dangerous variables, so let's use the warded termination
13-03-2023 20:03:45.917 [http-nio-8080-exec-4] INFO  u.a.o.c.v.v.o.ProgramEvaluationOptimizer.optimizeProgramEvaluation - The program is PWL warded.
13-03-2023 20:03:45.917 [http-nio-8080-exec-4] INFO  u.a.o.c.v.v.o.ProgramEvaluationOptimizer.optimizeProgramEvaluation - Multi-join optimization
13-03-2023 20:03:45.921 [http-nio-8080-exec-4] INFO  u.a.o.c.v.v.o.ProgramEvaluationOptimizer.optimizeProgramEvaluation - Right recursion inversion
13-03-2023 20:03:45.926 [http-nio-8080-exec-4] INFO  u.a.o.c.v.v.o.ProgramEvaluationOptimizer.optimizeProgramEvaluation - Push selections down and push projections down
13-03-2023 20:03:45.940 [http-nio-8080-exec-4] INFO  u.a.o.c.v.v.o.ProgramEvaluationOptimizer.optimizeProgramEvaluation - Maximum number of resumptions: 1
13-03-2023 20:03:45.940 [http-nio-8080-exec-4] INFO  u.a.o.c.v.v.o.ProgramEvaluationOptimizer.optimizeProgramEvaluation - END optimizing the evaluation of the program
13-03-2023 20:03:45.951 [http-nio-8080-exec-4] INFO  u.a.o.c.v.vadaengine.planner.Planner.makePlan - BEGIN planning
13-03-2023 20:03:45.952 [http-nio-8080-exec-4] INFO  u.a.o.c.v.vadaengine.planner.Planner.processAnnotations - START processing annotations
13-03-2023 20:03:45.957 [http-nio-8080-exec-4] INFO  u.a.o.c.v.vadaengine.planner.Planner.processAnnotations - END processing annotations
13-03-2023 20:03:46.059 [http-nio-8080-exec-4] INFO  u.a.o.c.v.vadaengine.planner.Planner.processFacts - BEGIN processing facts.
13-03-2023 20:03:46.060 [http-nio-8080-exec-4] INFO  u.a.o.c.v.vadaengine.planner.Planner.processFacts - END processing facts.
13-03-2023 20:03:46.064 [http-nio-8080-exec-4] INFO  u.a.o.c.v.vadaengine.planner.Planner.makePlan - hasAncestor(X,Y) :- person(X). (recursive?) : false
13-03-2023 20:03:46.064 [http-nio-8080-exec-4] INFO  u.a.o.c.v.vadaengine.planner.Planner.processLinearRule - BEGIN processing linear rule: hasAncestor(X,Y) :- person(X).
13-03-2023 20:03:46.066 [http-nio-8080-exec-4] INFO  u.a.o.c.v.vadaengine.planner.Planner.processLinearRule - END processing linear rule: hasAncestor(X,Y) :- person(X).
13-03-2023 20:03:46.067 [http-nio-8080-exec-4] INFO  u.a.o.c.v.vadaengine.planner.Planner.makePlan - personHarmful(Y) :- hasAncestor(X,Y). (recursive?) : true
13-03-2023 20:03:46.067 [http-nio-8080-exec-4] INFO  u.a.o.c.v.vadaengine.planner.Planner.processLinearRule - BEGIN processing linear rule: personHarmful(Y) :- hasAncestor(X,Y).
13-03-2023 20:03:46.067 [http-nio-8080-exec-4] INFO  u.a.o.c.v.vadaengine.planner.Planner.processLinearRule - END processing linear rule: personHarmful(Y) :- hasAncestor(X,Y).
13-03-2023 20:03:46.068 [http-nio-8080-exec-4] INFO  u.a.o.c.v.vadaengine.planner.Planner.makePlan - hasAncestor(X,Y) :- personHarmful(X). (recursive?) : true
13-03-2023 20:03:46.068 [http-nio-8080-exec-4] INFO  u.a.o.c.v.vadaengine.planner.Planner.processLinearRule - BEGIN processing linear rule: hasAncestor(X,Y) :- personHarmful(X).
13-03-2023 20:03:46.068 [http-nio-8080-exec-4] INFO  u.a.o.c.v.vadaengine.planner.Planner.processLinearRule - END processing linear rule: hasAncestor(X,Y) :- personHarmful(X).
13-03-2023 20:03:46.068 [http-nio-8080-exec-4] INFO  u.a.o.c.v.vadaengine.planner.Planner.makePlan - vatom_1(X0,X1) :- person(X0), hasAncestor(X0,X1). (recursive?) : false
13-03-2023 20:03:46.069 [http-nio-8080-exec-4] INFO  u.a.o.c.v.vadaengine.planner.Planner.processDatalogRule - BEGIN processing Datalog rule: vatom_1(X0,X1) :- person(X0), hasAncestor(X0,X1).
13-03-2023 20:03:46.071 [http-nio-8080-exec-4] INFO  u.a.o.c.v.vadaengine.planner.Planner.processDatalogRule - END processing Datalog rule: vatom_1(X0,X1) :- person(X0), hasAncestor(X0,X1).
13-03-2023 20:03:46.071 [http-nio-8080-exec-4] INFO  u.a.o.c.v.vadaengine.planner.Planner.makePlan - vatom_2(X0) :- vatom_1(X0,X1), hasAncestor(X1,X2). (recursive?) : false
13-03-2023 20:03:46.071 [http-nio-8080-exec-4] INFO  u.a.o.c.v.vadaengine.planner.Planner.processDatalogRule - BEGIN processing Datalog rule: vatom_2(X0) :- vatom_1(X0,X1), hasAncestor(X1,X2).
13-03-2023 20:03:46.072 [http-nio-8080-exec-4] INFO  u.a.o.c.v.vadaengine.planner.Planner.processDatalogRule - END processing Datalog rule: vatom_2(X0) :- vatom_1(X0,X1), hasAncestor(X1,X2).
13-03-2023 20:03:46.072 [http-nio-8080-exec-4] INFO  u.a.o.c.v.vadaengine.planner.Planner.makePlan - q(X0) :- vatom_2(X0). (recursive?) : false
13-03-2023 20:03:46.072 [http-nio-8080-exec-4] INFO  u.a.o.c.v.vadaengine.planner.Planner.processLinearRule - BEGIN processing linear rule: q(X0) :- vatom_2(X0).
13-03-2023 20:03:46.072 [http-nio-8080-exec-4] INFO  u.a.o.c.v.vadaengine.planner.Planner.processLinearRule - END processing linear rule: q(X0) :- vatom_2(X0).
13-03-2023 20:03:46.072 [http-nio-8080-exec-4] INFO  u.a.o.c.v.vadaengine.planner.Planner.connectPlans - BEGIN connecting the plan
13-03-2023 20:03:46.078 [http-nio-8080-exec-4] INFO  u.a.o.c.v.vadaengine.planner.Planner.connectPlans - END connecting the plan
13-03-2023 20:03:46.080 [http-nio-8080-exec-4] INFO  u.a.o.c.v.vadaengine.planner.Planner.makePlan - END planning
13-03-2023 20:03:46.080 [http-nio-8080-exec-4] INFO  u.a.o.c.v.v.c.VadaEngineController.evaluateProgram - Access plan:

13-03-2023 20:03:46.086 [http-nio-8080-exec-4] INFO  u.a.o.c.v.v.c.VadaEngineController.evaluateProgram - Output plan (q) {@bind("q","","","")} <- 
       Linear plan (q(X0) :- vatom_2(X0).) <- 
              Nested Loop Join plan (vatom_2(X0) :- vatom_1(X0,X1), hasAncestor(X1,X2).) <- 
                            operand (0):
                                          Nested Loop Join plan (vatom_1(X0,X1) :- person(X0), hasAncestor(X0,X1).) <- 
                                                                                    operand (0):
                                                                                                                              Input plan (person) {[@bind("person","csv","/home/marcofavorito/workfolder/datalog-benchmarking/datasets/has-ancestor/vadalog/data","person.data")]}
                                                                                    operand (1):
                                                                                                                              Linear plan (hasAncestor(X,Y) :- person(X).) <- 
...
                                                                                                                              Linear plan (hasAncestor(X,Y) :- personHarmful(X).) <- 
...

                            operand (1):
                                          Linear plan (hasAncestor(X,Y) :- person(X).) <- 
                                                                                    Input plan (person) {[@bind("person","csv","/home/marcofavorito/workfolder/datalog-benchmarking/datasets/has-ancestor/vadalog/data","person.data")]}
                                          Linear plan (hasAncestor(X,Y) :- personHarmful(X).) <- 
                                                                                    Linear plan (personHarmful(Y) :- hasAncestor(X,Y).) <- 
                                                                                                                                                                        Linear plan (hasAncestor(X,Y) :- person(X).) <- 
...
                                                                                                                                                                        Linear plan (hasAncestor(X,Y) :- personHarmful(X).) <- 
...

13-03-2023 20:03:46.122 [http-nio-8080-exec-4] INFO  u.a.o.c.v.v.c.VadaEngineController.evaluateProgramFromRepo - END evaluating program from repo
13-03-2023 20:03:46.124 [http-nio-8080-exec-4] INFO  u.a.o.c.v.v.c.VadaEngineController.processEvaluationOutput - BEGIN fetching.
13-03-2023 20:03:46.124 [http-nio-8080-exec-4] INFO  u.a.o.c.v.v.c.VadaEngineController.processEvaluationOutput - BEGIN fetching facts
13-03-2023 20:03:46.147 [http-nio-8080-exec-4] INFO  u.a.o.c.v.v.c.VadaEngineController.processEvaluationOutput - END fetching
13-03-2023 20:03:46.147 [http-nio-8080-exec-4] INFO  u.a.o.c.v.v.c.VadaEngineController.processEvaluationOutput - Number of generated facts: 21
13-03-2023 20:03:46.148 [http-nio-8080-exec-4] INFO  u.a.o.c.v.v.q.e.e.EqualityStructureFactory.getEqualityGraph - Setting EqualityGraph.
13-03-2023 20:03:46.149 [http-nio-8080-exec-4] INFO  u.a.o.c.v.v.q.e.e.EqualityStructureFactory.getEqualityGraph - Setting EqualityGraph.
13-03-2023 20:03:46.331 [SpringApplicationShutdownHook] INFO  o.n.driver.internal.InternalDriver.info - Closing driver instance 1357686726
