
  .   ____          _            __ _ _
 /\\ / ___'_ __ _ _(_)_ __  __ _ \ \ \ \
( ( )\___ | '_ | '_| | '_ \/ _` | \ \ \ \
 \\/  ___)| |_)| | | | | || (_| |  ) ) ) )
  '  |____| .__|_| |_|_| |_\__, | / / / /
 =========|_|==============|___/=/_/_/_/
 :: Spring Boot ::                (v2.6.3)

13-03-2023 19:58:55.604 [main] INFO  u.a.ox.cs.vada.vadaengine.VadaEngine.logStarting - Starting VadaEngine v1.14.0 using Java 19.0.1 on Lafite-Pro-III-14 with PID 149988 (/home/datalog-benchmarking-2/datalog-benchmarking/third_party/vadalog-engine/target/VadaEngine-1.14.0.jar started by datalog-benchmarking-2 in /home/datalog-benchmarking-2/datalog-benchmarking/third_party/vadalog-engine)
13-03-2023 19:58:55.610 [main] INFO  u.a.ox.cs.vada.vadaengine.VadaEngine.logStartupProfileInfo - No active profile set, falling back to default profiles: default
13-03-2023 19:58:59.205 [main] INFO  o.n.driver.internal.DriverFactory.info - Direct driver instance 466032056 created for server address localhost:7687
13-03-2023 19:58:59.307 [main] INFO  u.a.ox.cs.vada.vadaengine.VadaEngine.logStarted - Started VadaEngine in 4.382 seconds (JVM running for 5.244)
13-03-2023 19:59:00.455 [http-nio-8080-exec-5] INFO  u.a.o.c.v.v.c.VadaEngineController.evaluateProgramFromRepo - BEGIN evaluating program from repo
13-03-2023 19:59:00.471 [http-nio-8080-exec-5] INFO  u.a.o.c.v.v.q.e.e.EqualityStructureFactory.getInstance - Created EqualityGraphFactory and EqualityGraph.
13-03-2023 19:59:00.472 [http-nio-8080-exec-5] INFO  u.a.o.c.v.v.q.e.e.EqualityStructureFactory.getEqualityGraph - Setting EqualityGraph.
13-03-2023 19:59:00.473 [http-nio-8080-exec-5] INFO  u.a.o.c.v.v.c.VadaEngineController.prepareProgramFromFileWithParams - BEGIN parsing the program
13-03-2023 19:59:00.473 [http-nio-8080-exec-5] INFO  u.a.o.c.v.v.c.VadaEngineController.recResolveIncludes - Analysing program for module inclusions...
13-03-2023 19:59:00.583 [http-nio-8080-exec-5] INFO  u.a.o.c.v.v.c.VadaEngineController.prepareProgramFromFileWithParams - END parsing the program
13-03-2023 19:59:00.583 [http-nio-8080-exec-5] INFO  u.a.o.c.v.v.q.e.e.EqualityStructureFactory.getEqualityGraph - Setting EqualityGraph.
13-03-2023 19:59:00.584 [http-nio-8080-exec-5] INFO  u.a.o.c.v.v.o.ProgramEvaluationOptimizer.optimizeProgramEvaluation - BEGIN optimizing the evaluation of the program
13-03-2023 19:59:00.585 [http-nio-8080-exec-5] INFO  u.a.o.c.v.v.o.ProgramEvaluationOptimizer.optimizeProgramEvaluation - Fragment detection
13-03-2023 19:59:00.591 [http-nio-8080-exec-5] INFO  u.a.o.c.v.v.o.ProgramEvaluationOptimizer.optimizeProgramEvaluation - Multi-head rewriting
13-03-2023 19:59:00.592 [http-nio-8080-exec-5] INFO  u.a.o.c.v.v.o.ProgramEvaluationOptimizer.optimizeProgramEvaluation - Non-monotonic aggregate rewriting
13-03-2023 19:59:00.604 [http-nio-8080-exec-5] INFO  u.a.o.c.v.v.n.ModelNearlyLinearDecorator.isNearlyLinear - BEGIN checking program for nearly-linearity
13-03-2023 19:59:00.605 [http-nio-8080-exec-5] INFO  u.a.o.c.v.v.n.ModelNearlyLinearDecorator.isNearlyLinear - Nearly linearity test ok.
13-03-2023 19:59:00.605 [http-nio-8080-exec-5] INFO  u.a.o.c.v.v.n.ModelNearlyLinearDecorator.isNearlyLinear - END checking program for nearly-linearity.
13-03-2023 19:59:00.607 [http-nio-8080-exec-5] INFO  u.a.o.c.v.v.o.ProgramEvaluationOptimizer.optimizeProgramEvaluation - The program is nearly-linear.
13-03-2023 19:59:00.607 [http-nio-8080-exec-5] INFO  u.a.o.c.v.v.o.ProgramEvaluationOptimizer.optimizeProgramEvaluation - Multi-join optimization
13-03-2023 19:59:00.607 [http-nio-8080-exec-5] INFO  u.a.o.c.v.v.o.ProgramEvaluationOptimizer.optimizeProgramEvaluation - Right recursion inversion
13-03-2023 19:59:00.610 [http-nio-8080-exec-5] INFO  u.a.o.c.v.v.o.ProgramEvaluationOptimizer.optimizeProgramEvaluation - Push selections down and push projections down
13-03-2023 19:59:00.628 [http-nio-8080-exec-5] INFO  u.a.o.c.v.v.o.ProgramEvaluationOptimizer.optimizeProgramEvaluation - Maximum number of resumptions: 4
13-03-2023 19:59:00.628 [http-nio-8080-exec-5] INFO  u.a.o.c.v.v.o.ProgramEvaluationOptimizer.optimizeProgramEvaluation - END optimizing the evaluation of the program
13-03-2023 19:59:00.636 [http-nio-8080-exec-5] INFO  u.a.o.c.v.vadaengine.planner.Planner.makePlan - BEGIN planning
13-03-2023 19:59:00.636 [http-nio-8080-exec-5] INFO  u.a.o.c.v.vadaengine.planner.Planner.processAnnotations - START processing annotations
13-03-2023 19:59:00.641 [http-nio-8080-exec-5] INFO  u.a.o.c.v.vadaengine.planner.Planner.processAnnotations - END processing annotations
13-03-2023 19:59:00.729 [http-nio-8080-exec-5] INFO  u.a.o.c.v.vadaengine.planner.Planner.processFacts - BEGIN processing facts.
13-03-2023 19:59:00.730 [http-nio-8080-exec-5] INFO  u.a.o.c.v.vadaengine.planner.Planner.processFacts - END processing facts.
13-03-2023 19:59:00.733 [http-nio-8080-exec-5] INFO  u.a.o.c.v.vadaengine.planner.Planner.makePlan - hasAncestor(X,Y) :- person(X). (recursive?) : false
13-03-2023 19:59:00.733 [http-nio-8080-exec-5] INFO  u.a.o.c.v.vadaengine.planner.Planner.processLinearRule - BEGIN processing linear rule: hasAncestor(X,Y) :- person(X).
13-03-2023 19:59:00.735 [http-nio-8080-exec-5] INFO  u.a.o.c.v.vadaengine.planner.Planner.processLinearRule - END processing linear rule: hasAncestor(X,Y) :- person(X).
13-03-2023 19:59:00.736 [http-nio-8080-exec-5] INFO  u.a.o.c.v.vadaengine.planner.Planner.makePlan - personHarmful(Y) :- hasAncestor(X,Y). (recursive?) : true
13-03-2023 19:59:00.736 [http-nio-8080-exec-5] INFO  u.a.o.c.v.vadaengine.planner.Planner.processLinearRule - BEGIN processing linear rule: personHarmful(Y) :- hasAncestor(X,Y).
13-03-2023 19:59:00.736 [http-nio-8080-exec-5] INFO  u.a.o.c.v.vadaengine.planner.Planner.processLinearRule - END processing linear rule: personHarmful(Y) :- hasAncestor(X,Y).
13-03-2023 19:59:00.737 [http-nio-8080-exec-5] INFO  u.a.o.c.v.vadaengine.planner.Planner.makePlan - hasAncestor(X,Y) :- personHarmful(X). (recursive?) : true
13-03-2023 19:59:00.737 [http-nio-8080-exec-5] INFO  u.a.o.c.v.vadaengine.planner.Planner.processLinearRule - BEGIN processing linear rule: hasAncestor(X,Y) :- personHarmful(X).
13-03-2023 19:59:00.737 [http-nio-8080-exec-5] INFO  u.a.o.c.v.vadaengine.planner.Planner.processLinearRule - END processing linear rule: hasAncestor(X,Y) :- personHarmful(X).
13-03-2023 19:59:00.737 [http-nio-8080-exec-5] INFO  u.a.o.c.v.vadaengine.planner.Planner.makePlan - q(X0) ?- person(X0), hasAncestor(X0,X1), hasAncestor(X1,X2), hasAncestor(X2,X3). (recursive?) : false
13-03-2023 19:59:00.737 [http-nio-8080-exec-5] INFO  u.a.o.c.v.vadaengine.planner.Planner.processDatalogRule - BEGIN processing Datalog rule: q(X0) ?- person(X0), hasAncestor(X0,X1), hasAncestor(X1,X2), hasAncestor(X2,X3).
13-03-2023 19:59:00.739 [http-nio-8080-exec-5] INFO  u.a.o.c.v.vadaengine.planner.Planner.processDatalogRule - END processing Datalog rule: q(X0) ?- person(X0), hasAncestor(X0,X1), hasAncestor(X1,X2), hasAncestor(X2,X3).
13-03-2023 19:59:00.739 [http-nio-8080-exec-5] INFO  u.a.o.c.v.vadaengine.planner.Planner.connectPlans - BEGIN connecting the plan
13-03-2023 19:59:00.743 [http-nio-8080-exec-5] INFO  u.a.o.c.v.vadaengine.planner.Planner.connectPlans - END connecting the plan
13-03-2023 19:59:00.744 [http-nio-8080-exec-5] INFO  u.a.o.c.v.vadaengine.planner.Planner.makePlan - END planning
13-03-2023 19:59:00.744 [http-nio-8080-exec-5] INFO  u.a.o.c.v.v.c.VadaEngineController.evaluateProgram - Access plan:

13-03-2023 19:59:00.749 [http-nio-8080-exec-5] INFO  u.a.o.c.v.v.c.VadaEngineController.evaluateProgram - Output plan (q) {@bind("q","","","")} <- 
       Nested Loop Join plan (q(X0) ?- person(X0), hasAncestor(X0,X1), hasAncestor(X1,X2), hasAncestor(X2,X3).) <- 
              operand (0):
                     Input plan (person) {[@bind("person","csv","/home/datalog-benchmarking-2/datalog-benchmarking/datasets/has-ancestor/vadalog/data","person.data")]}
              operand (1):
                     Linear plan (hasAncestor(X,Y) :- personHarmful(X).) <- 
                                          Linear plan (personHarmful(Y) :- hasAncestor(X,Y).) <- 
                                                                                    Linear plan (hasAncestor(X,Y) :- personHarmful(X).) <- 
                                                                                                                                                                        Linear plan (personHarmful(Y) :- hasAncestor(X,Y).) <- 
...
...
                                                                                    Linear plan (hasAncestor(X,Y) :- person(X).) <- 
                                                                                                                                                                        Input plan (person) {[@bind("person","csv","/home/datalog-benchmarking-2/datalog-benchmarking/datasets/has-ancestor/vadalog/data","person.data")]}
                     Linear plan (hasAncestor(X,Y) :- person(X).) <- 
                                          Input plan (person) {[@bind("person","csv","/home/datalog-benchmarking-2/datalog-benchmarking/datasets/has-ancestor/vadalog/data","person.data")]}
              operand (2):
                     Linear plan (hasAncestor(X,Y) :- personHarmful(X).) <- 
                                          Linear plan (personHarmful(Y) :- hasAncestor(X,Y).) <- 
                                                                                    Linear plan (hasAncestor(X,Y) :- personHarmful(X).) <- 
                                                                                                                                                                        Linear plan (personHarmful(Y) :- hasAncestor(X,Y).) <- 
...
...
                                                                                    Linear plan (hasAncestor(X,Y) :- person(X).) <- 
                                                                                                                                                                        Input plan (person) {[@bind("person","csv","/home/datalog-benchmarking-2/datalog-benchmarking/datasets/has-ancestor/vadalog/data","person.data")]}
                     Linear plan (hasAncestor(X,Y) :- person(X).) <- 
                                          Input plan (person) {[@bind("person","csv","/home/datalog-benchmarking-2/datalog-benchmarking/datasets/has-ancestor/vadalog/data","person.data")]}
              operand (3):
                     Linear plan (hasAncestor(X,Y) :- personHarmful(X).) <- 
                                          Linear plan (personHarmful(Y) :- hasAncestor(X,Y).) <- 
                                                                                    Linear plan (hasAncestor(X,Y) :- personHarmful(X).) <- 
                                                                                                                                                                        Linear plan (personHarmful(Y) :- hasAncestor(X,Y).) <- 
...
...
                                                                                    Linear plan (hasAncestor(X,Y) :- person(X).) <- 
                                                                                                                                                                        Input plan (person) {[@bind("person","csv","/home/datalog-benchmarking-2/datalog-benchmarking/datasets/has-ancestor/vadalog/data","person.data")]}
                     Linear plan (hasAncestor(X,Y) :- person(X).) <- 
                                          Input plan (person) {[@bind("person","csv","/home/datalog-benchmarking-2/datalog-benchmarking/datasets/has-ancestor/vadalog/data","person.data")]}

13-03-2023 19:59:00.778 [http-nio-8080-exec-5] INFO  u.a.o.c.v.v.c.VadaEngineController.evaluateProgramFromRepo - END evaluating program from repo
13-03-2023 19:59:00.780 [http-nio-8080-exec-5] INFO  u.a.o.c.v.v.c.VadaEngineController.processEvaluationOutput - BEGIN fetching.
13-03-2023 19:59:00.780 [http-nio-8080-exec-5] INFO  u.a.o.c.v.v.c.VadaEngineController.processEvaluationOutput - BEGIN fetching facts
13-03-2023 19:59:00.799 [http-nio-8080-exec-5] INFO  u.a.o.c.v.v.c.VadaEngineController.processEvaluationOutput - END fetching
13-03-2023 19:59:00.800 [http-nio-8080-exec-5] INFO  u.a.o.c.v.v.c.VadaEngineController.processEvaluationOutput - Number of generated facts: 40
13-03-2023 19:59:00.800 [http-nio-8080-exec-5] INFO  u.a.o.c.v.v.q.e.e.EqualityStructureFactory.getEqualityGraph - Setting EqualityGraph.
13-03-2023 19:59:00.801 [http-nio-8080-exec-5] INFO  u.a.o.c.v.v.q.e.e.EqualityStructureFactory.getEqualityGraph - Setting EqualityGraph.
13-03-2023 19:59:00.919 [SpringApplicationShutdownHook] INFO  o.n.driver.internal.InternalDriver.info - Closing driver instance 466032056
