  _   _             _         _                 
 ( ) ( )           ( )       (_ )               
 | | | |   _ _    _| |   _ _  | |    _      __  
 | | | | /'_` ) /'_` | /'_` ) | |  /'_`\  /'_ `\
 | \_/ |( (_| |( (_| |( (_| | | | ( (_) )( (_) |
 `\___/'`\__,_)`\__,_)`\__,_)(___)`\___/'`\__  |
                                         ( )_) |
                                          \___/'

Vadalog 1.14.0 -- (c) University of Oxford -- Banca d'Italia Fork
2023-03-13 14:10:41.157  INFO 11952 --- [           main] uk.ac.ox.cs.vada.vadaengine.VadaEngine   : Starting VadaEngine v1.14.0 using Java 19.0.2 on datalog-benchmarking-2 with PID 11952 (/home/datalog-benchmarking-2/datalog-benchmarking/third_party/vadalog-engine-bankitalia/target/VadaEngine-1.14.0.jar started by datalog-benchmarking-2 in /home/datalog-benchmarking-2/datalog-benchmarking/third_party/vadalog-engine-bankitalia)
2023-03-13 14:10:41.160  INFO 11952 --- [           main] uk.ac.ox.cs.vada.vadaengine.VadaEngine   : No active profile set, falling back to default profiles: default
2023-03-13 14:10:43.802  INFO 11952 --- [           main] o.s.b.w.embedded.tomcat.TomcatWebServer  : Tomcat initialized with port(s): 8080 (http)
2023-03-13 14:10:43.817  INFO 11952 --- [           main] o.apache.catalina.core.StandardService   : Starting service [Tomcat]
2023-03-13 14:10:43.817  INFO 11952 --- [           main] org.apache.catalina.core.StandardEngine  : Starting Servlet engine: [Apache Tomcat/9.0.56]
2023-03-13 14:10:43.925  INFO 11952 --- [           main] o.a.c.c.C.[Tomcat].[localhost].[/]       : Initializing Spring embedded WebApplicationContext
2023-03-13 14:10:43.925  INFO 11952 --- [           main] w.s.c.ServletWebServerApplicationContext : Root WebApplicationContext: initialization completed in 2681 ms
2023-03-13 14:10:44.607  INFO 11952 --- [           main] o.s.j.d.e.EmbeddedDatabaseFactory        : Starting embedded database: url='jdbc:hsqldb:mem:5a05cfb9-89e5-4bf9-a7b6-8486ef9586a7', username='sa'
2023-03-13 14:10:45.569  INFO 11952 --- [           main] org.neo4j.driver.internal.DriverFactory  : Direct driver instance 1977618945 created for server address localhost:7687
2023-03-13 14:10:45.684  INFO 11952 --- [           main] o.s.b.w.embedded.tomcat.TomcatWebServer  : Tomcat started on port(s): 8080 (http) with context path ''
2023-03-13 14:10:45.700  INFO 11952 --- [           main] uk.ac.ox.cs.vada.vadaengine.VadaEngine   : Started VadaEngine in 5.519 seconds (JVM running for 6.746)
2023-03-13 14:10:46.038  INFO 11952 --- [nio-8080-exec-1] o.a.c.c.C.[Tomcat].[localhost].[/]       : Initializing Spring DispatcherServlet 'dispatcherServlet'
2023-03-13 14:10:46.039  INFO 11952 --- [nio-8080-exec-1] o.s.web.servlet.DispatcherServlet        : Initializing Servlet 'dispatcherServlet'
2023-03-13 14:10:46.040  INFO 11952 --- [nio-8080-exec-1] o.s.web.servlet.DispatcherServlet        : Completed initialization in 1 ms
2023-03-13 14:10:46.434  INFO 11952 --- [nio-8080-exec-3] u.a.o.c.v.v.c.VadaEngineController       : BEGIN evaluating program from repo
2023-03-13 14:10:46.462  INFO 11952 --- [nio-8080-exec-3] a.o.c.v.v.q.e.e.EqualityStructureFactory : Created EqualityGraphFactory and EqualityGraph.
2023-03-13 14:10:46.463  INFO 11952 --- [nio-8080-exec-3] a.o.c.v.v.q.e.e.EqualityStructureFactory : Setting EqualityGraph.
2023-03-13 14:10:46.463  INFO 11952 --- [nio-8080-exec-3] u.a.o.c.v.v.c.VadaEngineController       : BEGIN parsing the program
2023-03-13 14:10:46.463  INFO 11952 --- [nio-8080-exec-3] u.a.o.c.v.v.c.VadaEngineController       : Analysing program for module inclusions...
2023-03-13 14:10:46.602  INFO 11952 --- [nio-8080-exec-3] u.a.o.c.v.v.c.VadaEngineController       : END parsing the program
2023-03-13 14:10:46.603  INFO 11952 --- [nio-8080-exec-3] a.o.c.v.v.q.e.e.EqualityStructureFactory : Setting EqualityGraph.
2023-03-13 14:10:46.604  INFO 11952 --- [nio-8080-exec-3] u.a.o.c.v.v.o.ProgramEvaluationOptimizer : BEGIN optimizing the evaluation of the program
2023-03-13 14:10:46.604  INFO 11952 --- [nio-8080-exec-3] u.a.o.c.v.v.o.ProgramEvaluationOptimizer : Fragment detection
2023-03-13 14:10:46.613  INFO 11952 --- [nio-8080-exec-3] u.a.o.c.v.v.o.ProgramEvaluationOptimizer : Multi-head rewriting
2023-03-13 14:10:46.615  INFO 11952 --- [nio-8080-exec-3] u.a.o.c.v.v.o.ProgramEvaluationOptimizer : Non-monotonic aggregate rewriting
2023-03-13 14:10:46.632  INFO 11952 --- [nio-8080-exec-3] u.a.o.c.v.v.n.ModelNearlyLinearDecorator : BEGIN checking program for nearly-linearity
2023-03-13 14:10:46.637  INFO 11952 --- [nio-8080-exec-3] u.a.o.c.v.v.o.ProgramEvaluationOptimizer : The program is not nearly-linear but warded
2023-03-13 14:10:46.637  INFO 11952 --- [nio-8080-exec-3] u.a.o.c.v.v.o.ProgramEvaluationOptimizer : Let's linearize the heads
2023-03-13 14:10:46.640  INFO 11952 --- [nio-8080-exec-3] u.a.o.c.v.v.o.ProgramEvaluationOptimizer : Let's choose the Termination Strategy
2023-03-13 14:10:46.640  INFO 11952 --- [nio-8080-exec-3] u.a.o.c.v.v.n.ModelNearlyLinearDecorator : BEGIN checking program for nearly-linearity
2023-03-13 14:10:46.643  INFO 11952 --- [nio-8080-exec-3] u.a.o.c.v.v.n.ModelNearlyLinearDecorator : Rule vatom_1(P,Y) :- psc(X,P), controls(X,Y). is not linear and contains the following harmful variables: [P]
2023-03-13 14:10:46.643  INFO 11952 --- [nio-8080-exec-3] u.a.o.c.v.v.n.ModelNearlyLinearDecorator : Nearly linearity test failed.
2023-03-13 14:10:46.643  INFO 11952 --- [nio-8080-exec-3] u.a.o.c.v.v.n.ModelNearlyLinearDecorator : END checking program for nearly-linearity.
2023-03-13 14:10:46.649  INFO 11952 --- [nio-8080-exec-3] u.a.o.c.v.v.o.ProgramEvaluationOptimizer : The program is protected
2023-03-13 14:10:46.649  INFO 11952 --- [nio-8080-exec-3] u.a.o.c.v.v.o.ProgramEvaluationOptimizer : Choosing termination strategy
2023-03-13 14:10:46.650  INFO 11952 --- [nio-8080-exec-3] u.a.o.c.v.v.o.ProgramEvaluationOptimizer : There are dangerous variables, so let's use the warded termination
2023-03-13 14:10:46.650  INFO 11952 --- [nio-8080-exec-3] u.a.o.c.v.v.o.ProgramEvaluationOptimizer : Multi-join optimization
2023-03-13 14:10:46.651  INFO 11952 --- [nio-8080-exec-3] u.a.o.c.v.v.o.ProgramEvaluationOptimizer : Right recursion inversion
2023-03-13 14:10:46.654  INFO 11952 --- [nio-8080-exec-3] u.a.o.c.v.v.o.ProgramEvaluationOptimizer : Push selections down and push projections down
2023-03-13 14:10:46.669  INFO 11952 --- [nio-8080-exec-3] u.a.o.c.v.v.o.ProgramEvaluationOptimizer : Maximum number of resumptions: 2
2023-03-13 14:10:46.669  INFO 11952 --- [nio-8080-exec-3] u.a.o.c.v.v.o.ProgramEvaluationOptimizer : END optimizing the evaluation of the program
2023-03-13 14:10:46.684  INFO 11952 --- [nio-8080-exec-3] u.a.o.c.vada.vadaengine.planner.Planner  : BEGIN planning
2023-03-13 14:10:46.684  INFO 11952 --- [nio-8080-exec-3] u.a.o.c.vada.vadaengine.planner.Planner  : START processing annotations
2023-03-13 14:10:46.690  INFO 11952 --- [nio-8080-exec-3] u.a.o.c.vada.vadaengine.planner.Planner  : END processing annotations
2023-03-13 14:10:46.811  INFO 11952 --- [nio-8080-exec-3] u.a.o.c.vada.vadaengine.planner.Planner  : BEGIN processing facts.
2023-03-13 14:10:46.812  INFO 11952 --- [nio-8080-exec-3] u.a.o.c.vada.vadaengine.planner.Planner  : END processing facts.
2023-03-13 14:10:46.816  INFO 11952 --- [nio-8080-exec-3] u.a.o.c.vada.vadaengine.planner.Planner  : owns(P,X) :- company(X). (recursive?) : true
2023-03-13 14:10:46.816  INFO 11952 --- [nio-8080-exec-3] u.a.o.c.vada.vadaengine.planner.Planner  : BEGIN processing linear rule: owns(P,X) :- company(X).
2023-03-13 14:10:46.818  INFO 11952 --- [nio-8080-exec-3] u.a.o.c.vada.vadaengine.planner.Planner  : END processing linear rule: owns(P,X) :- company(X).
2023-03-13 14:10:46.818  INFO 11952 --- [nio-8080-exec-3] u.a.o.c.vada.vadaengine.planner.Planner  : stock(X) :- owns(P,X). (recursive?) : true
2023-03-13 14:10:46.818  INFO 11952 --- [nio-8080-exec-3] u.a.o.c.vada.vadaengine.planner.Planner  : BEGIN processing linear rule: stock(X) :- owns(P,X).
2023-03-13 14:10:46.818  INFO 11952 --- [nio-8080-exec-3] u.a.o.c.vada.vadaengine.planner.Planner  : END processing linear rule: stock(X) :- owns(P,X).
2023-03-13 14:10:46.818  INFO 11952 --- [nio-8080-exec-3] u.a.o.c.vada.vadaengine.planner.Planner  : psc(X,P) :- owns(P,X). (recursive?) : true
2023-03-13 14:10:46.818  INFO 11952 --- [nio-8080-exec-3] u.a.o.c.vada.vadaengine.planner.Planner  : BEGIN processing linear rule: psc(X,P) :- owns(P,X).
2023-03-13 14:10:46.818  INFO 11952 --- [nio-8080-exec-3] u.a.o.c.vada.vadaengine.planner.Planner  : END processing linear rule: psc(X,P) :- owns(P,X).
2023-03-13 14:10:46.819  INFO 11952 --- [nio-8080-exec-3] u.a.o.c.vada.vadaengine.planner.Planner  : vatom_1(P,Y) :- psc(X,P), controls(X,Y). (recursive?) : true
2023-03-13 14:10:46.819  INFO 11952 --- [nio-8080-exec-3] u.a.o.c.vada.vadaengine.planner.Planner  : BEGIN processing Datalog rule: vatom_1(P,Y) :- psc(X,P), controls(X,Y).
2023-03-13 14:10:46.820  INFO 11952 --- [nio-8080-exec-3] u.a.o.c.vada.vadaengine.planner.Planner  : END processing Datalog rule: vatom_1(P,Y) :- psc(X,P), controls(X,Y).
2023-03-13 14:10:46.821  INFO 11952 --- [nio-8080-exec-3] u.a.o.c.vada.vadaengine.planner.Planner  : owns(P,Y) :- vatom_1(P,Y). (recursive?) : true
2023-03-13 14:10:46.821  INFO 11952 --- [nio-8080-exec-3] u.a.o.c.vada.vadaengine.planner.Planner  : BEGIN processing linear rule: owns(P,Y) :- vatom_1(P,Y).
2023-03-13 14:10:46.821  INFO 11952 --- [nio-8080-exec-3] u.a.o.c.vada.vadaengine.planner.Planner  : END processing linear rule: owns(P,Y) :- vatom_1(P,Y).
2023-03-13 14:10:46.821  INFO 11952 --- [nio-8080-exec-3] u.a.o.c.vada.vadaengine.planner.Planner  : company(X) :- stock(X). (recursive?) : true
2023-03-13 14:10:46.821  INFO 11952 --- [nio-8080-exec-3] u.a.o.c.vada.vadaengine.planner.Planner  : BEGIN processing linear rule: company(X) :- stock(X).
2023-03-13 14:10:46.821  INFO 11952 --- [nio-8080-exec-3] u.a.o.c.vada.vadaengine.planner.Planner  : END processing linear rule: company(X) :- stock(X).
2023-03-13 14:10:46.821  INFO 11952 --- [nio-8080-exec-3] u.a.o.c.vada.vadaengine.planner.Planner  : stronglink(X,Y) ?- psc(X,P), psc(Y,P). (recursive?) : false
2023-03-13 14:10:46.821  INFO 11952 --- [nio-8080-exec-3] u.a.o.c.vada.vadaengine.planner.Planner  : BEGIN processing Datalog rule: stronglink(X,Y) ?- psc(X,P), psc(Y,P).
2023-03-13 14:10:46.821  INFO 11952 --- [nio-8080-exec-3] u.a.o.c.vada.vadaengine.planner.Planner  : END processing Datalog rule: stronglink(X,Y) ?- psc(X,P), psc(Y,P).
2023-03-13 14:10:46.821  INFO 11952 --- [nio-8080-exec-3] u.a.o.c.vada.vadaengine.planner.Planner  : BEGIN connecting the plan
2023-03-13 14:10:46.826  INFO 11952 --- [nio-8080-exec-3] u.a.o.c.vada.vadaengine.planner.Planner  : END connecting the plan
2023-03-13 14:10:46.827  INFO 11952 --- [nio-8080-exec-3] u.a.o.c.vada.vadaengine.planner.Planner  : END planning
2023-03-13 14:10:46.827  INFO 11952 --- [nio-8080-exec-3] u.a.o.c.v.v.c.VadaEngineController       : Access plan:

2023-03-13 14:10:46.833  INFO 11952 --- [nio-8080-exec-3] u.a.o.c.v.v.c.VadaEngineController       : Output plan (stronglink) {@bind("stronglink","","","")} <- 
       Nested Loop Join plan (stronglink(X,Y) ?- psc(X,P), psc(Y,P).) <- 
              operand (0):
                     Linear plan (psc(X,P) :- owns(P,X).) <- 
                                          Linear plan (owns(P,X) :- company(X).) <- 
                                                                                    Input plan (company) {[@bind("company","csv","/home/datalog-benchmarking-2/datalog-benchmarking/datasets/dbpedia-stronglink2/vadalog/data/01000","company.data")]}
                                                                                    Linear plan (company(X) :- stock(X).) <- 
                                                                                                                                                                        Linear plan (stock(X) :- owns(P,X).) <- 
...
...
                                          Linear plan (owns(P,Y) :- vatom_1(P,Y).) <- 
                                                                                    Nested Loop Join plan (vatom_1(P,Y) :- psc(X,P), controls(X,Y).) <- 
                                                                                                                                                                        operand (0):
...
                                                                                                                                                                        operand (1):
...

              operand (1):
                     Linear plan (psc(X,P) :- owns(P,X).) <- 
                                          Linear plan (owns(P,X) :- company(X).) <- 
                                                                                    Input plan (company) {[@bind("company","csv","/home/datalog-benchmarking-2/datalog-benchmarking/datasets/dbpedia-stronglink2/vadalog/data/01000","company.data")]}
                                                                                    Linear plan (company(X) :- stock(X).) <- 
                                                                                                                                                                        Linear plan (stock(X) :- owns(P,X).) <- 
...
...
                                          Linear plan (owns(P,Y) :- vatom_1(P,Y).) <- 
                                                                                    Nested Loop Join plan (vatom_1(P,Y) :- psc(X,P), controls(X,Y).) <- 
                                                                                                                                                                        operand (0):
...
                                                                                                                                                                        operand (1):
...


2023-03-13 14:10:46.866  INFO 11952 --- [nio-8080-exec-3] u.a.o.c.v.v.c.VadaEngineController       : END evaluating program from repo
2023-03-13 14:10:46.868  INFO 11952 --- [nio-8080-exec-3] u.a.o.c.v.v.c.VadaEngineController       : BEGIN fetching.
2023-03-13 14:10:46.868  INFO 11952 --- [nio-8080-exec-3] u.a.o.c.v.v.c.VadaEngineController       : BEGIN fetching facts
2023-03-13 14:10:50.313  INFO 11952 --- [nio-8080-exec-3] u.a.o.c.v.v.c.VadaEngineController       : END fetching
2023-03-13 14:10:50.314  INFO 11952 --- [nio-8080-exec-3] u.a.o.c.v.v.c.VadaEngineController       : Number of generated facts: 21498
2023-03-13 14:10:50.315  INFO 11952 --- [nio-8080-exec-3] a.o.c.v.v.q.e.e.EqualityStructureFactory : Setting EqualityGraph.
2023-03-13 14:10:50.317  INFO 11952 --- [nio-8080-exec-3] a.o.c.v.v.q.e.e.EqualityStructureFactory : Setting EqualityGraph.
2023-03-13 14:10:50.463  INFO 11952 --- [ionShutdownHook] o.neo4j.driver.internal.InternalDriver   : Closing driver instance 1977618945
2023-03-13 14:10:50.676  INFO 11952 --- [ionShutdownHook] o.s.j.d.e.EmbeddedDatabaseFactory        : Shutting down embedded database: url='jdbc:hsqldb:mem:5a05cfb9-89e5-4bf9-a7b6-8486ef9586a7'
