  _   _             _         _                 
 ( ) ( )           ( )       (_ )               
 | | | |   _ _    _| |   _ _  | |    _      __  
 | | | | /'_` ) /'_` | /'_` ) | |  /'_`\  /'_ `\
 | \_/ |( (_| |( (_| |( (_| | | | ( (_) )( (_) |
 `\___/'`\__,_)`\__,_)`\__,_)(___)`\___/'`\__  |
                                         ( )_) |
                                          \___/'

Vadalog 1.14.0 -- (c) University of Oxford -- Banca d'Italia Fork
2023-03-13 14:26:48.263  INFO 12810 --- [           main] uk.ac.ox.cs.vada.vadaengine.VadaEngine   : Starting VadaEngine v1.14.0 using Java 19.0.2 on datalog-benchmarking-2 with PID 12810 (/home/datalog-benchmarking-2/datalog-benchmarking/third_party/vadalog-engine-bankitalia/target/VadaEngine-1.14.0.jar started by datalog-benchmarking-2 in /home/datalog-benchmarking-2/datalog-benchmarking/third_party/vadalog-engine-bankitalia)
2023-03-13 14:26:48.267  INFO 12810 --- [           main] uk.ac.ox.cs.vada.vadaengine.VadaEngine   : No active profile set, falling back to default profiles: default
2023-03-13 14:26:51.147  INFO 12810 --- [           main] o.s.b.w.embedded.tomcat.TomcatWebServer  : Tomcat initialized with port(s): 8080 (http)
2023-03-13 14:26:51.160  INFO 12810 --- [           main] o.apache.catalina.core.StandardService   : Starting service [Tomcat]
2023-03-13 14:26:51.160  INFO 12810 --- [           main] org.apache.catalina.core.StandardEngine  : Starting Servlet engine: [Apache Tomcat/9.0.56]
2023-03-13 14:26:51.269  INFO 12810 --- [           main] o.a.c.c.C.[Tomcat].[localhost].[/]       : Initializing Spring embedded WebApplicationContext
2023-03-13 14:26:51.269  INFO 12810 --- [           main] w.s.c.ServletWebServerApplicationContext : Root WebApplicationContext: initialization completed in 2839 ms
2023-03-13 14:26:51.915  INFO 12810 --- [           main] o.s.j.d.e.EmbeddedDatabaseFactory        : Starting embedded database: url='jdbc:hsqldb:mem:e0b1a44a-d43f-46e9-935c-5c9b4d030457', username='sa'
2023-03-13 14:26:52.861  INFO 12810 --- [           main] org.neo4j.driver.internal.DriverFactory  : Direct driver instance 1807176280 created for server address localhost:7687
2023-03-13 14:26:52.947  INFO 12810 --- [           main] o.s.b.w.embedded.tomcat.TomcatWebServer  : Tomcat started on port(s): 8080 (http) with context path ''
2023-03-13 14:26:52.961  INFO 12810 --- [           main] uk.ac.ox.cs.vada.vadaengine.VadaEngine   : Started VadaEngine in 5.693 seconds (JVM running for 6.865)
2023-03-13 14:26:53.190  INFO 12810 --- [nio-8080-exec-1] o.a.c.c.C.[Tomcat].[localhost].[/]       : Initializing Spring DispatcherServlet 'dispatcherServlet'
2023-03-13 14:26:53.190  INFO 12810 --- [nio-8080-exec-1] o.s.web.servlet.DispatcherServlet        : Initializing Servlet 'dispatcherServlet'
2023-03-13 14:26:53.192  INFO 12810 --- [nio-8080-exec-1] o.s.web.servlet.DispatcherServlet        : Completed initialization in 2 ms
2023-03-13 14:26:53.599  INFO 12810 --- [nio-8080-exec-4] u.a.o.c.v.v.c.VadaEngineController       : BEGIN evaluating program from repo
2023-03-13 14:26:53.625  INFO 12810 --- [nio-8080-exec-4] a.o.c.v.v.q.e.e.EqualityStructureFactory : Created EqualityGraphFactory and EqualityGraph.
2023-03-13 14:26:53.625  INFO 12810 --- [nio-8080-exec-4] a.o.c.v.v.q.e.e.EqualityStructureFactory : Setting EqualityGraph.
2023-03-13 14:26:53.625  INFO 12810 --- [nio-8080-exec-4] u.a.o.c.v.v.c.VadaEngineController       : BEGIN parsing the program
2023-03-13 14:26:53.626  INFO 12810 --- [nio-8080-exec-4] u.a.o.c.v.v.c.VadaEngineController       : Analysing program for module inclusions...
2023-03-13 14:26:53.763  INFO 12810 --- [nio-8080-exec-4] u.a.o.c.v.v.c.VadaEngineController       : END parsing the program
2023-03-13 14:26:53.763  INFO 12810 --- [nio-8080-exec-4] a.o.c.v.v.q.e.e.EqualityStructureFactory : Setting EqualityGraph.
2023-03-13 14:26:53.765  INFO 12810 --- [nio-8080-exec-4] u.a.o.c.v.v.o.ProgramEvaluationOptimizer : BEGIN optimizing the evaluation of the program
2023-03-13 14:26:53.765  INFO 12810 --- [nio-8080-exec-4] u.a.o.c.v.v.o.ProgramEvaluationOptimizer : Fragment detection
2023-03-13 14:26:53.774  INFO 12810 --- [nio-8080-exec-4] u.a.o.c.v.v.o.ProgramEvaluationOptimizer : Multi-head rewriting
2023-03-13 14:26:53.775  INFO 12810 --- [nio-8080-exec-4] u.a.o.c.v.v.o.ProgramEvaluationOptimizer : Non-monotonic aggregate rewriting
2023-03-13 14:26:53.793  INFO 12810 --- [nio-8080-exec-4] u.a.o.c.v.v.n.ModelNearlyLinearDecorator : BEGIN checking program for nearly-linearity
2023-03-13 14:26:53.797  INFO 12810 --- [nio-8080-exec-4] u.a.o.c.v.v.o.ProgramEvaluationOptimizer : The program is not nearly-linear but warded
2023-03-13 14:26:53.797  INFO 12810 --- [nio-8080-exec-4] u.a.o.c.v.v.o.ProgramEvaluationOptimizer : Let's linearize the heads
2023-03-13 14:26:53.800  INFO 12810 --- [nio-8080-exec-4] u.a.o.c.v.v.o.ProgramEvaluationOptimizer : Let's choose the Termination Strategy
2023-03-13 14:26:53.800  INFO 12810 --- [nio-8080-exec-4] u.a.o.c.v.v.n.ModelNearlyLinearDecorator : BEGIN checking program for nearly-linearity
2023-03-13 14:26:53.803  INFO 12810 --- [nio-8080-exec-4] u.a.o.c.v.v.n.ModelNearlyLinearDecorator : Rule vatom_1(P,Y) :- psc(X,P), controls(X,Y). is not linear and contains the following harmful variables: [P]
2023-03-13 14:26:53.804  INFO 12810 --- [nio-8080-exec-4] u.a.o.c.v.v.n.ModelNearlyLinearDecorator : Nearly linearity test failed.
2023-03-13 14:26:53.804  INFO 12810 --- [nio-8080-exec-4] u.a.o.c.v.v.n.ModelNearlyLinearDecorator : END checking program for nearly-linearity.
2023-03-13 14:26:53.809  INFO 12810 --- [nio-8080-exec-4] u.a.o.c.v.v.o.ProgramEvaluationOptimizer : The program is protected
2023-03-13 14:26:53.809  INFO 12810 --- [nio-8080-exec-4] u.a.o.c.v.v.o.ProgramEvaluationOptimizer : Choosing termination strategy
2023-03-13 14:26:53.811  INFO 12810 --- [nio-8080-exec-4] u.a.o.c.v.v.o.ProgramEvaluationOptimizer : There are dangerous variables, so let's use the warded termination
2023-03-13 14:26:53.811  INFO 12810 --- [nio-8080-exec-4] u.a.o.c.v.v.o.ProgramEvaluationOptimizer : Multi-join optimization
2023-03-13 14:26:53.811  INFO 12810 --- [nio-8080-exec-4] u.a.o.c.v.v.o.ProgramEvaluationOptimizer : Right recursion inversion
2023-03-13 14:26:53.815  INFO 12810 --- [nio-8080-exec-4] u.a.o.c.v.v.o.ProgramEvaluationOptimizer : Push selections down and push projections down
2023-03-13 14:26:53.830  INFO 12810 --- [nio-8080-exec-4] u.a.o.c.v.v.o.ProgramEvaluationOptimizer : Maximum number of resumptions: 2
2023-03-13 14:26:53.830  INFO 12810 --- [nio-8080-exec-4] u.a.o.c.v.v.o.ProgramEvaluationOptimizer : END optimizing the evaluation of the program
2023-03-13 14:26:53.845  INFO 12810 --- [nio-8080-exec-4] u.a.o.c.vada.vadaengine.planner.Planner  : BEGIN planning
2023-03-13 14:26:53.845  INFO 12810 --- [nio-8080-exec-4] u.a.o.c.vada.vadaengine.planner.Planner  : START processing annotations
2023-03-13 14:26:53.850  INFO 12810 --- [nio-8080-exec-4] u.a.o.c.vada.vadaengine.planner.Planner  : END processing annotations
2023-03-13 14:26:53.958  INFO 12810 --- [nio-8080-exec-4] u.a.o.c.vada.vadaengine.planner.Planner  : BEGIN processing facts.
2023-03-13 14:26:53.959  INFO 12810 --- [nio-8080-exec-4] u.a.o.c.vada.vadaengine.planner.Planner  : END processing facts.
2023-03-13 14:26:53.963  INFO 12810 --- [nio-8080-exec-4] u.a.o.c.vada.vadaengine.planner.Planner  : owns(P,X) :- company(X). (recursive?) : true
2023-03-13 14:26:53.963  INFO 12810 --- [nio-8080-exec-4] u.a.o.c.vada.vadaengine.planner.Planner  : BEGIN processing linear rule: owns(P,X) :- company(X).
2023-03-13 14:26:53.965  INFO 12810 --- [nio-8080-exec-4] u.a.o.c.vada.vadaengine.planner.Planner  : END processing linear rule: owns(P,X) :- company(X).
2023-03-13 14:26:53.965  INFO 12810 --- [nio-8080-exec-4] u.a.o.c.vada.vadaengine.planner.Planner  : stock(X) :- owns(P,X). (recursive?) : true
2023-03-13 14:26:53.965  INFO 12810 --- [nio-8080-exec-4] u.a.o.c.vada.vadaengine.planner.Planner  : BEGIN processing linear rule: stock(X) :- owns(P,X).
2023-03-13 14:26:53.965  INFO 12810 --- [nio-8080-exec-4] u.a.o.c.vada.vadaengine.planner.Planner  : END processing linear rule: stock(X) :- owns(P,X).
2023-03-13 14:26:53.965  INFO 12810 --- [nio-8080-exec-4] u.a.o.c.vada.vadaengine.planner.Planner  : psc(X,P) :- owns(P,X). (recursive?) : true
2023-03-13 14:26:53.965  INFO 12810 --- [nio-8080-exec-4] u.a.o.c.vada.vadaengine.planner.Planner  : BEGIN processing linear rule: psc(X,P) :- owns(P,X).
2023-03-13 14:26:53.965  INFO 12810 --- [nio-8080-exec-4] u.a.o.c.vada.vadaengine.planner.Planner  : END processing linear rule: psc(X,P) :- owns(P,X).
2023-03-13 14:26:53.968  INFO 12810 --- [nio-8080-exec-4] u.a.o.c.vada.vadaengine.planner.Planner  : vatom_1(P,Y) :- psc(X,P), controls(X,Y). (recursive?) : true
2023-03-13 14:26:53.974  INFO 12810 --- [nio-8080-exec-4] u.a.o.c.vada.vadaengine.planner.Planner  : BEGIN processing Datalog rule: vatom_1(P,Y) :- psc(X,P), controls(X,Y).
2023-03-13 14:26:53.976  INFO 12810 --- [nio-8080-exec-4] u.a.o.c.vada.vadaengine.planner.Planner  : END processing Datalog rule: vatom_1(P,Y) :- psc(X,P), controls(X,Y).
2023-03-13 14:26:53.976  INFO 12810 --- [nio-8080-exec-4] u.a.o.c.vada.vadaengine.planner.Planner  : owns(P,Y) :- vatom_1(P,Y). (recursive?) : true
2023-03-13 14:26:53.976  INFO 12810 --- [nio-8080-exec-4] u.a.o.c.vada.vadaengine.planner.Planner  : BEGIN processing linear rule: owns(P,Y) :- vatom_1(P,Y).
2023-03-13 14:26:53.976  INFO 12810 --- [nio-8080-exec-4] u.a.o.c.vada.vadaengine.planner.Planner  : END processing linear rule: owns(P,Y) :- vatom_1(P,Y).
2023-03-13 14:26:53.976  INFO 12810 --- [nio-8080-exec-4] u.a.o.c.vada.vadaengine.planner.Planner  : company(X) :- stock(X). (recursive?) : true
2023-03-13 14:26:53.977  INFO 12810 --- [nio-8080-exec-4] u.a.o.c.vada.vadaengine.planner.Planner  : BEGIN processing linear rule: company(X) :- stock(X).
2023-03-13 14:26:53.977  INFO 12810 --- [nio-8080-exec-4] u.a.o.c.vada.vadaengine.planner.Planner  : END processing linear rule: company(X) :- stock(X).
2023-03-13 14:26:53.977  INFO 12810 --- [nio-8080-exec-4] u.a.o.c.vada.vadaengine.planner.Planner  : stronglink(X,Y) ?- psc(X,P), psc(Y,P). (recursive?) : false
2023-03-13 14:26:53.977  INFO 12810 --- [nio-8080-exec-4] u.a.o.c.vada.vadaengine.planner.Planner  : BEGIN processing Datalog rule: stronglink(X,Y) ?- psc(X,P), psc(Y,P).
2023-03-13 14:26:53.977  INFO 12810 --- [nio-8080-exec-4] u.a.o.c.vada.vadaengine.planner.Planner  : END processing Datalog rule: stronglink(X,Y) ?- psc(X,P), psc(Y,P).
2023-03-13 14:26:53.977  INFO 12810 --- [nio-8080-exec-4] u.a.o.c.vada.vadaengine.planner.Planner  : BEGIN connecting the plan
2023-03-13 14:26:53.983  INFO 12810 --- [nio-8080-exec-4] u.a.o.c.vada.vadaengine.planner.Planner  : END connecting the plan
2023-03-13 14:26:53.985  INFO 12810 --- [nio-8080-exec-4] u.a.o.c.vada.vadaengine.planner.Planner  : END planning
2023-03-13 14:26:53.985  INFO 12810 --- [nio-8080-exec-4] u.a.o.c.v.v.c.VadaEngineController       : Access plan:

2023-03-13 14:26:54.001  INFO 12810 --- [nio-8080-exec-4] u.a.o.c.v.v.c.VadaEngineController       : Output plan (stronglink) {@bind("stronglink","","","")} <- 
       Nested Loop Join plan (stronglink(X,Y) ?- psc(X,P), psc(Y,P).) <- 
              operand (0):
                     Linear plan (psc(X,P) :- owns(P,X).) <- 
                                          Linear plan (owns(P,X) :- company(X).) <- 
                                                                                    Input plan (company) {[@bind("company","csv","/home/datalog-benchmarking-2/datalog-benchmarking/datasets/dbpedia-stronglink2/vadalog/data/10000","company.data")]}
                                                                                    Linear plan (company(X) :- stock(X).) <- 
                                                                                                                                                                        Linear plan (stock(X) :- owns(P,X).) <- 
...
...
                                          Linear plan (owns(P,Y) :- vatom_1(P,Y).) <- 
                                                                                    Nested Loop Join plan (vatom_1(P,Y) :- psc(X,P), controls(X,Y).) <- 
                                                                                                                                                                        operand (0):
...
                                                                                                                                                                        operand (1):
...

              operand (1):
                     Linear plan (psc(X,P) :- owns(P,X).) <- 
                                          Linear plan (owns(P,X) :- company(X).) <- 
                                                                                    Input plan (company) {[@bind("company","csv","/home/datalog-benchmarking-2/datalog-benchmarking/datasets/dbpedia-stronglink2/vadalog/data/10000","company.data")]}
                                                                                    Linear plan (company(X) :- stock(X).) <- 
                                                                                                                                                                        Linear plan (stock(X) :- owns(P,X).) <- 
...
...
                                          Linear plan (owns(P,Y) :- vatom_1(P,Y).) <- 
                                                                                    Nested Loop Join plan (vatom_1(P,Y) :- psc(X,P), controls(X,Y).) <- 
                                                                                                                                                                        operand (0):
...
                                                                                                                                                                        operand (1):
...


2023-03-13 14:26:54.064  INFO 12810 --- [nio-8080-exec-4] u.a.o.c.v.v.c.VadaEngineController       : END evaluating program from repo
2023-03-13 14:26:54.065  INFO 12810 --- [nio-8080-exec-4] u.a.o.c.v.v.c.VadaEngineController       : BEGIN fetching.
2023-03-13 14:26:54.066  INFO 12810 --- [nio-8080-exec-4] u.a.o.c.v.v.c.VadaEngineController       : BEGIN fetching facts
2023-03-13 14:26:57.129  INFO 12810 --- [nio-8080-exec-4] u.a.o.c.v.v.c.VadaEngineController       : END fetching
2023-03-13 14:26:57.129  INFO 12810 --- [nio-8080-exec-4] u.a.o.c.v.v.c.VadaEngineController       : Number of generated facts: 263557
2023-03-13 14:26:57.130  INFO 12810 --- [nio-8080-exec-4] a.o.c.v.v.q.e.e.EqualityStructureFactory : Setting EqualityGraph.
2023-03-13 14:26:57.147  INFO 12810 --- [nio-8080-exec-4] a.o.c.v.v.q.e.e.EqualityStructureFactory : Setting EqualityGraph.
2023-03-13 14:26:57.402  INFO 12810 --- [ionShutdownHook] o.neo4j.driver.internal.InternalDriver   : Closing driver instance 1807176280
2023-03-13 14:26:57.615  INFO 12810 --- [ionShutdownHook] o.s.j.d.e.EmbeddedDatabaseFactory        : Shutting down embedded database: url='jdbc:hsqldb:mem:e0b1a44a-d43f-46e9-935c-5c9b4d030457'
