  _   _             _         _                 
 ( ) ( )           ( )       (_ )               
 | | | |   _ _    _| |   _ _  | |    _      __  
 | | | | /'_` ) /'_` | /'_` ) | |  /'_`\  /'_ `\
 | \_/ |( (_| |( (_| |( (_| | | | ( (_) )( (_) |
 `\___/'`\__,_)`\__,_)`\__,_)(___)`\___/'`\__  |
                                         ( )_) |
                                          \___/'

Vadalog 1.14.0 -- (c) University of Oxford -- Banca d'Italia Fork
2023-03-13 14:28:55.706  INFO 13184 --- [           main] uk.ac.ox.cs.vada.vadaengine.VadaEngine   : Starting VadaEngine v1.14.0 using Java 19.0.2 on datalog-benchmarking-2 with PID 13184 (/home/datalog-benchmarking-2/datalog-benchmarking/third_party/vadalog-engine-bankitalia/target/VadaEngine-1.14.0.jar started by datalog-benchmarking-2 in /home/datalog-benchmarking-2/datalog-benchmarking/third_party/vadalog-engine-bankitalia)
2023-03-13 14:28:55.709  INFO 13184 --- [           main] uk.ac.ox.cs.vada.vadaengine.VadaEngine   : No active profile set, falling back to default profiles: default
2023-03-13 14:28:58.313  INFO 13184 --- [           main] o.s.b.w.embedded.tomcat.TomcatWebServer  : Tomcat initialized with port(s): 8080 (http)
2023-03-13 14:28:58.330  INFO 13184 --- [           main] o.apache.catalina.core.StandardService   : Starting service [Tomcat]
2023-03-13 14:28:58.331  INFO 13184 --- [           main] org.apache.catalina.core.StandardEngine  : Starting Servlet engine: [Apache Tomcat/9.0.56]
2023-03-13 14:28:58.440  INFO 13184 --- [           main] o.a.c.c.C.[Tomcat].[localhost].[/]       : Initializing Spring embedded WebApplicationContext
2023-03-13 14:28:58.440  INFO 13184 --- [           main] w.s.c.ServletWebServerApplicationContext : Root WebApplicationContext: initialization completed in 2605 ms
2023-03-13 14:28:59.086  INFO 13184 --- [           main] o.s.j.d.e.EmbeddedDatabaseFactory        : Starting embedded database: url='jdbc:hsqldb:mem:1bd361fa-e0ce-474d-8adf-d035d143b82d', username='sa'
2023-03-13 14:29:00.026  INFO 13184 --- [           main] org.neo4j.driver.internal.DriverFactory  : Direct driver instance 1977618945 created for server address localhost:7687
2023-03-13 14:29:00.107  INFO 13184 --- [           main] o.s.b.w.embedded.tomcat.TomcatWebServer  : Tomcat started on port(s): 8080 (http) with context path ''
2023-03-13 14:29:00.121  INFO 13184 --- [           main] uk.ac.ox.cs.vada.vadaengine.VadaEngine   : Started VadaEngine in 5.395 seconds (JVM running for 6.672)
2023-03-13 14:29:00.561  INFO 13184 --- [nio-8080-exec-1] o.a.c.c.C.[Tomcat].[localhost].[/]       : Initializing Spring DispatcherServlet 'dispatcherServlet'
2023-03-13 14:29:00.561  INFO 13184 --- [nio-8080-exec-1] o.s.web.servlet.DispatcherServlet        : Initializing Servlet 'dispatcherServlet'
2023-03-13 14:29:00.562  INFO 13184 --- [nio-8080-exec-1] o.s.web.servlet.DispatcherServlet        : Completed initialization in 1 ms
2023-03-13 14:29:00.958  INFO 13184 --- [nio-8080-exec-4] u.a.o.c.v.v.c.VadaEngineController       : BEGIN evaluating program from repo
2023-03-13 14:29:00.982  INFO 13184 --- [nio-8080-exec-4] a.o.c.v.v.q.e.e.EqualityStructureFactory : Created EqualityGraphFactory and EqualityGraph.
2023-03-13 14:29:00.983  INFO 13184 --- [nio-8080-exec-4] a.o.c.v.v.q.e.e.EqualityStructureFactory : Setting EqualityGraph.
2023-03-13 14:29:00.983  INFO 13184 --- [nio-8080-exec-4] u.a.o.c.v.v.c.VadaEngineController       : BEGIN parsing the program
2023-03-13 14:29:00.983  INFO 13184 --- [nio-8080-exec-4] u.a.o.c.v.v.c.VadaEngineController       : Analysing program for module inclusions...
2023-03-13 14:29:01.146  INFO 13184 --- [nio-8080-exec-4] u.a.o.c.v.v.c.VadaEngineController       : END parsing the program
2023-03-13 14:29:01.146  INFO 13184 --- [nio-8080-exec-4] a.o.c.v.v.q.e.e.EqualityStructureFactory : Setting EqualityGraph.
2023-03-13 14:29:01.147  INFO 13184 --- [nio-8080-exec-4] u.a.o.c.v.v.o.ProgramEvaluationOptimizer : BEGIN optimizing the evaluation of the program
2023-03-13 14:29:01.148  INFO 13184 --- [nio-8080-exec-4] u.a.o.c.v.v.o.ProgramEvaluationOptimizer : Fragment detection
2023-03-13 14:29:01.158  INFO 13184 --- [nio-8080-exec-4] u.a.o.c.v.v.o.ProgramEvaluationOptimizer : Multi-head rewriting
2023-03-13 14:29:01.159  INFO 13184 --- [nio-8080-exec-4] u.a.o.c.v.v.o.ProgramEvaluationOptimizer : Non-monotonic aggregate rewriting
2023-03-13 14:29:01.176  INFO 13184 --- [nio-8080-exec-4] u.a.o.c.v.v.n.ModelNearlyLinearDecorator : BEGIN checking program for nearly-linearity
2023-03-13 14:29:01.180  INFO 13184 --- [nio-8080-exec-4] u.a.o.c.v.v.o.ProgramEvaluationOptimizer : The program is not nearly-linear but warded
2023-03-13 14:29:01.180  INFO 13184 --- [nio-8080-exec-4] u.a.o.c.v.v.o.ProgramEvaluationOptimizer : Let's linearize the heads
2023-03-13 14:29:01.183  INFO 13184 --- [nio-8080-exec-4] u.a.o.c.v.v.o.ProgramEvaluationOptimizer : Let's choose the Termination Strategy
2023-03-13 14:29:01.184  INFO 13184 --- [nio-8080-exec-4] u.a.o.c.v.v.n.ModelNearlyLinearDecorator : BEGIN checking program for nearly-linearity
2023-03-13 14:29:01.187  INFO 13184 --- [nio-8080-exec-4] u.a.o.c.v.v.n.ModelNearlyLinearDecorator : Rule vatom_1(P,Y) :- psc(X,P), controls(X,Y). is not linear and contains the following harmful variables: [P]
2023-03-13 14:29:01.187  INFO 13184 --- [nio-8080-exec-4] u.a.o.c.v.v.n.ModelNearlyLinearDecorator : Nearly linearity test failed.
2023-03-13 14:29:01.187  INFO 13184 --- [nio-8080-exec-4] u.a.o.c.v.v.n.ModelNearlyLinearDecorator : END checking program for nearly-linearity.
2023-03-13 14:29:01.192  INFO 13184 --- [nio-8080-exec-4] u.a.o.c.v.v.o.ProgramEvaluationOptimizer : The program is protected
2023-03-13 14:29:01.193  INFO 13184 --- [nio-8080-exec-4] u.a.o.c.v.v.o.ProgramEvaluationOptimizer : Choosing termination strategy
2023-03-13 14:29:01.194  INFO 13184 --- [nio-8080-exec-4] u.a.o.c.v.v.o.ProgramEvaluationOptimizer : There are dangerous variables, so let's use the warded termination
2023-03-13 14:29:01.194  INFO 13184 --- [nio-8080-exec-4] u.a.o.c.v.v.o.ProgramEvaluationOptimizer : Multi-join optimization
2023-03-13 14:29:01.195  INFO 13184 --- [nio-8080-exec-4] u.a.o.c.v.v.o.ProgramEvaluationOptimizer : Right recursion inversion
2023-03-13 14:29:01.198  INFO 13184 --- [nio-8080-exec-4] u.a.o.c.v.v.o.ProgramEvaluationOptimizer : Push selections down and push projections down
2023-03-13 14:29:01.214  INFO 13184 --- [nio-8080-exec-4] u.a.o.c.v.v.o.ProgramEvaluationOptimizer : Maximum number of resumptions: 2
2023-03-13 14:29:01.214  INFO 13184 --- [nio-8080-exec-4] u.a.o.c.v.v.o.ProgramEvaluationOptimizer : END optimizing the evaluation of the program
2023-03-13 14:29:01.228  INFO 13184 --- [nio-8080-exec-4] u.a.o.c.vada.vadaengine.planner.Planner  : BEGIN planning
2023-03-13 14:29:01.229  INFO 13184 --- [nio-8080-exec-4] u.a.o.c.vada.vadaengine.planner.Planner  : START processing annotations
2023-03-13 14:29:01.234  INFO 13184 --- [nio-8080-exec-4] u.a.o.c.vada.vadaengine.planner.Planner  : END processing annotations
2023-03-13 14:29:01.367  INFO 13184 --- [nio-8080-exec-4] u.a.o.c.vada.vadaengine.planner.Planner  : BEGIN processing facts.
2023-03-13 14:29:01.368  INFO 13184 --- [nio-8080-exec-4] u.a.o.c.vada.vadaengine.planner.Planner  : END processing facts.
2023-03-13 14:29:01.372  INFO 13184 --- [nio-8080-exec-4] u.a.o.c.vada.vadaengine.planner.Planner  : owns(P,X) :- company(X). (recursive?) : true
2023-03-13 14:29:01.373  INFO 13184 --- [nio-8080-exec-4] u.a.o.c.vada.vadaengine.planner.Planner  : BEGIN processing linear rule: owns(P,X) :- company(X).
2023-03-13 14:29:01.375  INFO 13184 --- [nio-8080-exec-4] u.a.o.c.vada.vadaengine.planner.Planner  : END processing linear rule: owns(P,X) :- company(X).
2023-03-13 14:29:01.375  INFO 13184 --- [nio-8080-exec-4] u.a.o.c.vada.vadaengine.planner.Planner  : stock(X) :- owns(P,X). (recursive?) : true
2023-03-13 14:29:01.375  INFO 13184 --- [nio-8080-exec-4] u.a.o.c.vada.vadaengine.planner.Planner  : BEGIN processing linear rule: stock(X) :- owns(P,X).
2023-03-13 14:29:01.375  INFO 13184 --- [nio-8080-exec-4] u.a.o.c.vada.vadaengine.planner.Planner  : END processing linear rule: stock(X) :- owns(P,X).
2023-03-13 14:29:01.375  INFO 13184 --- [nio-8080-exec-4] u.a.o.c.vada.vadaengine.planner.Planner  : psc(X,P) :- owns(P,X). (recursive?) : true
2023-03-13 14:29:01.375  INFO 13184 --- [nio-8080-exec-4] u.a.o.c.vada.vadaengine.planner.Planner  : BEGIN processing linear rule: psc(X,P) :- owns(P,X).
2023-03-13 14:29:01.375  INFO 13184 --- [nio-8080-exec-4] u.a.o.c.vada.vadaengine.planner.Planner  : END processing linear rule: psc(X,P) :- owns(P,X).
2023-03-13 14:29:01.375  INFO 13184 --- [nio-8080-exec-4] u.a.o.c.vada.vadaengine.planner.Planner  : vatom_1(P,Y) :- psc(X,P), controls(X,Y). (recursive?) : true
2023-03-13 14:29:01.375  INFO 13184 --- [nio-8080-exec-4] u.a.o.c.vada.vadaengine.planner.Planner  : BEGIN processing Datalog rule: vatom_1(P,Y) :- psc(X,P), controls(X,Y).
2023-03-13 14:29:01.377  INFO 13184 --- [nio-8080-exec-4] u.a.o.c.vada.vadaengine.planner.Planner  : END processing Datalog rule: vatom_1(P,Y) :- psc(X,P), controls(X,Y).
2023-03-13 14:29:01.377  INFO 13184 --- [nio-8080-exec-4] u.a.o.c.vada.vadaengine.planner.Planner  : owns(P,Y) :- vatom_1(P,Y). (recursive?) : true
2023-03-13 14:29:01.377  INFO 13184 --- [nio-8080-exec-4] u.a.o.c.vada.vadaengine.planner.Planner  : BEGIN processing linear rule: owns(P,Y) :- vatom_1(P,Y).
2023-03-13 14:29:01.377  INFO 13184 --- [nio-8080-exec-4] u.a.o.c.vada.vadaengine.planner.Planner  : END processing linear rule: owns(P,Y) :- vatom_1(P,Y).
2023-03-13 14:29:01.378  INFO 13184 --- [nio-8080-exec-4] u.a.o.c.vada.vadaengine.planner.Planner  : company(X) :- stock(X). (recursive?) : true
2023-03-13 14:29:01.378  INFO 13184 --- [nio-8080-exec-4] u.a.o.c.vada.vadaengine.planner.Planner  : BEGIN processing linear rule: company(X) :- stock(X).
2023-03-13 14:29:01.378  INFO 13184 --- [nio-8080-exec-4] u.a.o.c.vada.vadaengine.planner.Planner  : END processing linear rule: company(X) :- stock(X).
2023-03-13 14:29:01.378  INFO 13184 --- [nio-8080-exec-4] u.a.o.c.vada.vadaengine.planner.Planner  : stronglink(X,Y) ?- psc(X,P), psc(Y,P). (recursive?) : false
2023-03-13 14:29:01.378  INFO 13184 --- [nio-8080-exec-4] u.a.o.c.vada.vadaengine.planner.Planner  : BEGIN processing Datalog rule: stronglink(X,Y) ?- psc(X,P), psc(Y,P).
2023-03-13 14:29:01.378  INFO 13184 --- [nio-8080-exec-4] u.a.o.c.vada.vadaengine.planner.Planner  : END processing Datalog rule: stronglink(X,Y) ?- psc(X,P), psc(Y,P).
2023-03-13 14:29:01.378  INFO 13184 --- [nio-8080-exec-4] u.a.o.c.vada.vadaengine.planner.Planner  : BEGIN connecting the plan
2023-03-13 14:29:01.383  INFO 13184 --- [nio-8080-exec-4] u.a.o.c.vada.vadaengine.planner.Planner  : END connecting the plan
2023-03-13 14:29:01.384  INFO 13184 --- [nio-8080-exec-4] u.a.o.c.vada.vadaengine.planner.Planner  : END planning
2023-03-13 14:29:01.384  INFO 13184 --- [nio-8080-exec-4] u.a.o.c.v.v.c.VadaEngineController       : Access plan:

2023-03-13 14:29:01.390  INFO 13184 --- [nio-8080-exec-4] u.a.o.c.v.v.c.VadaEngineController       : Output plan (stronglink) {@bind("stronglink","","","")} <- 
       Nested Loop Join plan (stronglink(X,Y) ?- psc(X,P), psc(Y,P).) <- 
              operand (0):
                     Linear plan (psc(X,P) :- owns(P,X).) <- 
                                          Linear plan (owns(P,Y) :- vatom_1(P,Y).) <- 
                                                                                    Nested Loop Join plan (vatom_1(P,Y) :- psc(X,P), controls(X,Y).) <- 
                                                                                                                                                                        operand (0):
...
                                                                                                                                                                        operand (1):
...

                                          Linear plan (owns(P,X) :- company(X).) <- 
                                                                                    Input plan (company) {[@bind("company","csv","/home/datalog-benchmarking-2/datalog-benchmarking/datasets/dbpedia-stronglink2/vadalog/data/67500","company.data")]}
                                                                                    Linear plan (company(X) :- stock(X).) <- 
                                                                                                                                                                        Linear plan (stock(X) :- owns(P,X).) <- 
...
...
              operand (1):
                     Linear plan (psc(X,P) :- owns(P,X).) <- 
                                          Linear plan (owns(P,Y) :- vatom_1(P,Y).) <- 
                                                                                    Nested Loop Join plan (vatom_1(P,Y) :- psc(X,P), controls(X,Y).) <- 
                                                                                                                                                                        operand (0):
...
                                                                                                                                                                        operand (1):
...

                                          Linear plan (owns(P,X) :- company(X).) <- 
                                                                                    Input plan (company) {[@bind("company","csv","/home/datalog-benchmarking-2/datalog-benchmarking/datasets/dbpedia-stronglink2/vadalog/data/67500","company.data")]}
                                                                                    Linear plan (company(X) :- stock(X).) <- 
                                                                                                                                                                        Linear plan (stock(X) :- owns(P,X).) <- 
...
...

2023-03-13 14:29:01.424  INFO 13184 --- [nio-8080-exec-4] u.a.o.c.v.v.c.VadaEngineController       : END evaluating program from repo
2023-03-13 14:29:01.426  INFO 13184 --- [nio-8080-exec-4] u.a.o.c.v.v.c.VadaEngineController       : BEGIN fetching.
2023-03-13 14:29:01.426  INFO 13184 --- [nio-8080-exec-4] u.a.o.c.v.v.c.VadaEngineController       : BEGIN fetching facts
2023-03-13 14:29:11.011  INFO 13184 --- [nio-8080-exec-4] u.a.o.c.v.v.c.VadaEngineController       : END fetching
2023-03-13 14:29:11.012  INFO 13184 --- [nio-8080-exec-4] u.a.o.c.v.v.c.VadaEngineController       : Number of generated facts: 1545428
2023-03-13 14:29:11.013  INFO 13184 --- [nio-8080-exec-4] a.o.c.v.v.q.e.e.EqualityStructureFactory : Setting EqualityGraph.
2023-03-13 14:29:11.072  INFO 13184 --- [nio-8080-exec-4] a.o.c.v.v.q.e.e.EqualityStructureFactory : Setting EqualityGraph.
2023-03-13 14:29:11.664  INFO 13184 --- [ionShutdownHook] o.neo4j.driver.internal.InternalDriver   : Closing driver instance 1977618945
2023-03-13 14:29:11.879  INFO 13184 --- [ionShutdownHook] o.s.j.d.e.EmbeddedDatabaseFactory        : Shutting down embedded database: url='jdbc:hsqldb:mem:1bd361fa-e0ce-474d-8adf-d035d143b82d'
