  _   _             _         _                 
 ( ) ( )           ( )       (_ )               
 | | | |   _ _    _| |   _ _  | |    _      __  
 | | | | /'_` ) /'_` | /'_` ) | |  /'_`\  /'_ `\
 | \_/ |( (_| |( (_| |( (_| | | | ( (_) )( (_) |
 `\___/'`\__,_)`\__,_)`\__,_)(___)`\___/'`\__  |
                                         ( )_) |
                                          \___/'

Vadalog 1.14.0 -- (c) University of Oxford -- Banca d'Italia Fork
2023-03-13 14:28:20.890  INFO 13100 --- [           main] uk.ac.ox.cs.vada.vadaengine.VadaEngine   : Starting VadaEngine v1.14.0 using Java 19.0.2 on datalog-benchmarking-2 with PID 13100 (/home/datalog-benchmarking-2/datalog-benchmarking/third_party/vadalog-engine-bankitalia/target/VadaEngine-1.14.0.jar started by datalog-benchmarking-2 in /home/datalog-benchmarking-2/datalog-benchmarking/third_party/vadalog-engine-bankitalia)
2023-03-13 14:28:20.899  INFO 13100 --- [           main] uk.ac.ox.cs.vada.vadaengine.VadaEngine   : No active profile set, falling back to default profiles: default
2023-03-13 14:28:23.659  INFO 13100 --- [           main] o.s.b.w.embedded.tomcat.TomcatWebServer  : Tomcat initialized with port(s): 8080 (http)
2023-03-13 14:28:23.678  INFO 13100 --- [           main] o.apache.catalina.core.StandardService   : Starting service [Tomcat]
2023-03-13 14:28:23.679  INFO 13100 --- [           main] org.apache.catalina.core.StandardEngine  : Starting Servlet engine: [Apache Tomcat/9.0.56]
2023-03-13 14:28:23.815  INFO 13100 --- [           main] o.a.c.c.C.[Tomcat].[localhost].[/]       : Initializing Spring embedded WebApplicationContext
2023-03-13 14:28:23.816  INFO 13100 --- [           main] w.s.c.ServletWebServerApplicationContext : Root WebApplicationContext: initialization completed in 2711 ms
2023-03-13 14:28:24.452  INFO 13100 --- [           main] o.s.j.d.e.EmbeddedDatabaseFactory        : Starting embedded database: url='jdbc:hsqldb:mem:87e435d6-3500-4761-8ab8-f15e8e279095', username='sa'
2023-03-13 14:28:25.400  INFO 13100 --- [           main] org.neo4j.driver.internal.DriverFactory  : Direct driver instance 1807176280 created for server address localhost:7687
2023-03-13 14:28:25.519  INFO 13100 --- [           main] o.s.b.w.embedded.tomcat.TomcatWebServer  : Tomcat started on port(s): 8080 (http) with context path ''
2023-03-13 14:28:25.539  INFO 13100 --- [           main] uk.ac.ox.cs.vada.vadaengine.VadaEngine   : Started VadaEngine in 5.48 seconds (JVM running for 6.68)
2023-03-13 14:28:25.936  INFO 13100 --- [nio-8080-exec-1] o.a.c.c.C.[Tomcat].[localhost].[/]       : Initializing Spring DispatcherServlet 'dispatcherServlet'
2023-03-13 14:28:25.936  INFO 13100 --- [nio-8080-exec-1] o.s.web.servlet.DispatcherServlet        : Initializing Servlet 'dispatcherServlet'
2023-03-13 14:28:25.938  INFO 13100 --- [nio-8080-exec-1] o.s.web.servlet.DispatcherServlet        : Completed initialization in 2 ms
2023-03-13 14:28:26.335  INFO 13100 --- [nio-8080-exec-4] u.a.o.c.v.v.c.VadaEngineController       : BEGIN evaluating program from repo
2023-03-13 14:28:26.361  INFO 13100 --- [nio-8080-exec-4] a.o.c.v.v.q.e.e.EqualityStructureFactory : Created EqualityGraphFactory and EqualityGraph.
2023-03-13 14:28:26.361  INFO 13100 --- [nio-8080-exec-4] a.o.c.v.v.q.e.e.EqualityStructureFactory : Setting EqualityGraph.
2023-03-13 14:28:26.361  INFO 13100 --- [nio-8080-exec-4] u.a.o.c.v.v.c.VadaEngineController       : BEGIN parsing the program
2023-03-13 14:28:26.362  INFO 13100 --- [nio-8080-exec-4] u.a.o.c.v.v.c.VadaEngineController       : Analysing program for module inclusions...
2023-03-13 14:28:26.554  INFO 13100 --- [nio-8080-exec-4] u.a.o.c.v.v.c.VadaEngineController       : END parsing the program
2023-03-13 14:28:26.554  INFO 13100 --- [nio-8080-exec-4] a.o.c.v.v.q.e.e.EqualityStructureFactory : Setting EqualityGraph.
2023-03-13 14:28:26.555  INFO 13100 --- [nio-8080-exec-4] u.a.o.c.v.v.o.ProgramEvaluationOptimizer : BEGIN optimizing the evaluation of the program
2023-03-13 14:28:26.556  INFO 13100 --- [nio-8080-exec-4] u.a.o.c.v.v.o.ProgramEvaluationOptimizer : Fragment detection
2023-03-13 14:28:26.569  INFO 13100 --- [nio-8080-exec-4] u.a.o.c.v.v.o.ProgramEvaluationOptimizer : Multi-head rewriting
2023-03-13 14:28:26.570  INFO 13100 --- [nio-8080-exec-4] u.a.o.c.v.v.o.ProgramEvaluationOptimizer : Non-monotonic aggregate rewriting
2023-03-13 14:28:26.593  INFO 13100 --- [nio-8080-exec-4] u.a.o.c.v.v.n.ModelNearlyLinearDecorator : BEGIN checking program for nearly-linearity
2023-03-13 14:28:26.602  INFO 13100 --- [nio-8080-exec-4] u.a.o.c.v.v.o.ProgramEvaluationOptimizer : The program is not nearly-linear but warded
2023-03-13 14:28:26.602  INFO 13100 --- [nio-8080-exec-4] u.a.o.c.v.v.o.ProgramEvaluationOptimizer : Let's linearize the heads
2023-03-13 14:28:26.605  INFO 13100 --- [nio-8080-exec-4] u.a.o.c.v.v.o.ProgramEvaluationOptimizer : Let's choose the Termination Strategy
2023-03-13 14:28:26.606  INFO 13100 --- [nio-8080-exec-4] u.a.o.c.v.v.n.ModelNearlyLinearDecorator : BEGIN checking program for nearly-linearity
2023-03-13 14:28:26.613  INFO 13100 --- [nio-8080-exec-4] u.a.o.c.v.v.n.ModelNearlyLinearDecorator : Rule vatom_1(P,Y) :- psc(X,P), controls(X,Y). is not linear and contains the following harmful variables: [P]
2023-03-13 14:28:26.614  INFO 13100 --- [nio-8080-exec-4] u.a.o.c.v.v.n.ModelNearlyLinearDecorator : Nearly linearity test failed.
2023-03-13 14:28:26.614  INFO 13100 --- [nio-8080-exec-4] u.a.o.c.v.v.n.ModelNearlyLinearDecorator : END checking program for nearly-linearity.
2023-03-13 14:28:26.621  INFO 13100 --- [nio-8080-exec-4] u.a.o.c.v.v.o.ProgramEvaluationOptimizer : The program is protected
2023-03-13 14:28:26.621  INFO 13100 --- [nio-8080-exec-4] u.a.o.c.v.v.o.ProgramEvaluationOptimizer : Choosing termination strategy
2023-03-13 14:28:26.626  INFO 13100 --- [nio-8080-exec-4] u.a.o.c.v.v.o.ProgramEvaluationOptimizer : There are dangerous variables, so let's use the warded termination
2023-03-13 14:28:26.627  INFO 13100 --- [nio-8080-exec-4] u.a.o.c.v.v.o.ProgramEvaluationOptimizer : Multi-join optimization
2023-03-13 14:28:26.629  INFO 13100 --- [nio-8080-exec-4] u.a.o.c.v.v.o.ProgramEvaluationOptimizer : Right recursion inversion
2023-03-13 14:28:26.634  INFO 13100 --- [nio-8080-exec-4] u.a.o.c.v.v.o.ProgramEvaluationOptimizer : Push selections down and push projections down
2023-03-13 14:28:26.657  INFO 13100 --- [nio-8080-exec-4] u.a.o.c.v.v.o.ProgramEvaluationOptimizer : Maximum number of resumptions: 2
2023-03-13 14:28:26.657  INFO 13100 --- [nio-8080-exec-4] u.a.o.c.v.v.o.ProgramEvaluationOptimizer : END optimizing the evaluation of the program
2023-03-13 14:28:26.671  INFO 13100 --- [nio-8080-exec-4] u.a.o.c.vada.vadaengine.planner.Planner  : BEGIN planning
2023-03-13 14:28:26.676  INFO 13100 --- [nio-8080-exec-4] u.a.o.c.vada.vadaengine.planner.Planner  : START processing annotations
2023-03-13 14:28:26.681  INFO 13100 --- [nio-8080-exec-4] u.a.o.c.vada.vadaengine.planner.Planner  : END processing annotations
2023-03-13 14:28:26.840  INFO 13100 --- [nio-8080-exec-4] u.a.o.c.vada.vadaengine.planner.Planner  : BEGIN processing facts.
2023-03-13 14:28:26.840  INFO 13100 --- [nio-8080-exec-4] u.a.o.c.vada.vadaengine.planner.Planner  : END processing facts.
2023-03-13 14:28:26.845  INFO 13100 --- [nio-8080-exec-4] u.a.o.c.vada.vadaengine.planner.Planner  : owns(P,X) :- company(X). (recursive?) : true
2023-03-13 14:28:26.845  INFO 13100 --- [nio-8080-exec-4] u.a.o.c.vada.vadaengine.planner.Planner  : BEGIN processing linear rule: owns(P,X) :- company(X).
2023-03-13 14:28:26.847  INFO 13100 --- [nio-8080-exec-4] u.a.o.c.vada.vadaengine.planner.Planner  : END processing linear rule: owns(P,X) :- company(X).
2023-03-13 14:28:26.847  INFO 13100 --- [nio-8080-exec-4] u.a.o.c.vada.vadaengine.planner.Planner  : stock(X) :- owns(P,X). (recursive?) : true
2023-03-13 14:28:26.847  INFO 13100 --- [nio-8080-exec-4] u.a.o.c.vada.vadaengine.planner.Planner  : BEGIN processing linear rule: stock(X) :- owns(P,X).
2023-03-13 14:28:26.847  INFO 13100 --- [nio-8080-exec-4] u.a.o.c.vada.vadaengine.planner.Planner  : END processing linear rule: stock(X) :- owns(P,X).
2023-03-13 14:28:26.847  INFO 13100 --- [nio-8080-exec-4] u.a.o.c.vada.vadaengine.planner.Planner  : psc(X,P) :- owns(P,X). (recursive?) : true
2023-03-13 14:28:26.848  INFO 13100 --- [nio-8080-exec-4] u.a.o.c.vada.vadaengine.planner.Planner  : BEGIN processing linear rule: psc(X,P) :- owns(P,X).
2023-03-13 14:28:26.848  INFO 13100 --- [nio-8080-exec-4] u.a.o.c.vada.vadaengine.planner.Planner  : END processing linear rule: psc(X,P) :- owns(P,X).
2023-03-13 14:28:26.849  INFO 13100 --- [nio-8080-exec-4] u.a.o.c.vada.vadaengine.planner.Planner  : vatom_1(P,Y) :- psc(X,P), controls(X,Y). (recursive?) : true
2023-03-13 14:28:26.850  INFO 13100 --- [nio-8080-exec-4] u.a.o.c.vada.vadaengine.planner.Planner  : BEGIN processing Datalog rule: vatom_1(P,Y) :- psc(X,P), controls(X,Y).
2023-03-13 14:28:26.851  INFO 13100 --- [nio-8080-exec-4] u.a.o.c.vada.vadaengine.planner.Planner  : END processing Datalog rule: vatom_1(P,Y) :- psc(X,P), controls(X,Y).
2023-03-13 14:28:26.852  INFO 13100 --- [nio-8080-exec-4] u.a.o.c.vada.vadaengine.planner.Planner  : owns(P,Y) :- vatom_1(P,Y). (recursive?) : true
2023-03-13 14:28:26.852  INFO 13100 --- [nio-8080-exec-4] u.a.o.c.vada.vadaengine.planner.Planner  : BEGIN processing linear rule: owns(P,Y) :- vatom_1(P,Y).
2023-03-13 14:28:26.852  INFO 13100 --- [nio-8080-exec-4] u.a.o.c.vada.vadaengine.planner.Planner  : END processing linear rule: owns(P,Y) :- vatom_1(P,Y).
2023-03-13 14:28:26.852  INFO 13100 --- [nio-8080-exec-4] u.a.o.c.vada.vadaengine.planner.Planner  : company(X) :- stock(X). (recursive?) : true
2023-03-13 14:28:26.852  INFO 13100 --- [nio-8080-exec-4] u.a.o.c.vada.vadaengine.planner.Planner  : BEGIN processing linear rule: company(X) :- stock(X).
2023-03-13 14:28:26.852  INFO 13100 --- [nio-8080-exec-4] u.a.o.c.vada.vadaengine.planner.Planner  : END processing linear rule: company(X) :- stock(X).
2023-03-13 14:28:26.852  INFO 13100 --- [nio-8080-exec-4] u.a.o.c.vada.vadaengine.planner.Planner  : stronglink(X,Y) ?- psc(X,P), psc(Y,P). (recursive?) : false
2023-03-13 14:28:26.852  INFO 13100 --- [nio-8080-exec-4] u.a.o.c.vada.vadaengine.planner.Planner  : BEGIN processing Datalog rule: stronglink(X,Y) ?- psc(X,P), psc(Y,P).
2023-03-13 14:28:26.852  INFO 13100 --- [nio-8080-exec-4] u.a.o.c.vada.vadaengine.planner.Planner  : END processing Datalog rule: stronglink(X,Y) ?- psc(X,P), psc(Y,P).
2023-03-13 14:28:26.853  INFO 13100 --- [nio-8080-exec-4] u.a.o.c.vada.vadaengine.planner.Planner  : BEGIN connecting the plan
2023-03-13 14:28:26.858  INFO 13100 --- [nio-8080-exec-4] u.a.o.c.vada.vadaengine.planner.Planner  : END connecting the plan
2023-03-13 14:28:26.859  INFO 13100 --- [nio-8080-exec-4] u.a.o.c.vada.vadaengine.planner.Planner  : END planning
2023-03-13 14:28:26.860  INFO 13100 --- [nio-8080-exec-4] u.a.o.c.v.v.c.VadaEngineController       : Access plan:

2023-03-13 14:28:26.874  INFO 13100 --- [nio-8080-exec-4] u.a.o.c.v.v.c.VadaEngineController       : Output plan (stronglink) {@bind("stronglink","","","")} <- 
       Nested Loop Join plan (stronglink(X,Y) ?- psc(X,P), psc(Y,P).) <- 
              operand (0):
                     Linear plan (psc(X,P) :- owns(P,X).) <- 
                                          Linear plan (owns(P,X) :- company(X).) <- 
                                                                                    Input plan (company) {[@bind("company","csv","/home/datalog-benchmarking-2/datalog-benchmarking/datasets/dbpedia-stronglink2/vadalog/data/50000","company.data")]}
                                                                                    Linear plan (company(X) :- stock(X).) <- 
                                                                                                                                                                        Linear plan (stock(X) :- owns(P,X).) <- 
...
...
                                          Linear plan (owns(P,Y) :- vatom_1(P,Y).) <- 
                                                                                    Nested Loop Join plan (vatom_1(P,Y) :- psc(X,P), controls(X,Y).) <- 
                                                                                                                                                                        operand (0):
...
                                                                                                                                                                        operand (1):
...

              operand (1):
                     Linear plan (psc(X,P) :- owns(P,X).) <- 
                                          Linear plan (owns(P,X) :- company(X).) <- 
                                                                                    Input plan (company) {[@bind("company","csv","/home/datalog-benchmarking-2/datalog-benchmarking/datasets/dbpedia-stronglink2/vadalog/data/50000","company.data")]}
                                                                                    Linear plan (company(X) :- stock(X).) <- 
                                                                                                                                                                        Linear plan (stock(X) :- owns(P,X).) <- 
...
...
                                          Linear plan (owns(P,Y) :- vatom_1(P,Y).) <- 
                                                                                    Nested Loop Join plan (vatom_1(P,Y) :- psc(X,P), controls(X,Y).) <- 
                                                                                                                                                                        operand (0):
...
                                                                                                                                                                        operand (1):
...


2023-03-13 14:28:26.904  INFO 13100 --- [nio-8080-exec-4] u.a.o.c.v.v.c.VadaEngineController       : END evaluating program from repo
2023-03-13 14:28:26.906  INFO 13100 --- [nio-8080-exec-4] u.a.o.c.v.v.c.VadaEngineController       : BEGIN fetching.
2023-03-13 14:28:26.906  INFO 13100 --- [nio-8080-exec-4] u.a.o.c.v.v.c.VadaEngineController       : BEGIN fetching facts
2023-03-13 14:28:35.279  INFO 13100 --- [nio-8080-exec-4] u.a.o.c.v.v.c.VadaEngineController       : END fetching
2023-03-13 14:28:35.280  INFO 13100 --- [nio-8080-exec-4] u.a.o.c.v.v.c.VadaEngineController       : Number of generated facts: 1169586
2023-03-13 14:28:35.281  INFO 13100 --- [nio-8080-exec-4] a.o.c.v.v.q.e.e.EqualityStructureFactory : Setting EqualityGraph.
2023-03-13 14:28:35.333  INFO 13100 --- [nio-8080-exec-4] a.o.c.v.v.q.e.e.EqualityStructureFactory : Setting EqualityGraph.
2023-03-13 14:28:35.833  INFO 13100 --- [ionShutdownHook] o.neo4j.driver.internal.InternalDriver   : Closing driver instance 1807176280
2023-03-13 14:28:36.047  INFO 13100 --- [ionShutdownHook] o.s.j.d.e.EmbeddedDatabaseFactory        : Shutting down embedded database: url='jdbc:hsqldb:mem:87e435d6-3500-4761-8ab8-f15e8e279095'
